system   D            wsystem.c:583  maybe_parent_dir                 [   0.00031] Also searching C:\Users\Olaf\Mijn projecten\C++\Games\EarthDefender\
system   D            wsystem.c:633  _al_win_safe_load_library        [   0.00054] PathFindOnPath found: C:\Windows\system32\d3d9.dll
system   D            wsystem.c:544  load_library_at_path             [   0.00057] Calling LoadLibrary C:\Windows\system32\d3d9.dll
system   I            wsystem.c:547  load_library_at_path             [   0.00180] Loaded C:\Windows\system32\d3d9.dll
d3d      I         d3d_disp.cpp:893  _al_d3d_init_display             [   0.02444] Render-to-texture: 1
system   I             system.c:272  al_install_system                [   0.02449] Allegro version: 5.0.7
d3d      I         d3d_disp.cpp:1921 d3d_create_display_locked        [   0.02507] faux_fullscreen=0
display  D   display_settings.c:191  debug_display_settings           [   0.03896] color: 32 (rgba 8880), depth: 0, stencil: 0, acc: 0000, samples: 0/0
display  D   display_settings.c:506  _al_score_display_settings       [   0.03900] Score is : 897
display  D   display_settings.c:191  debug_display_settings           [   0.03901] color: 32 (rgba 8880), depth: 24, stencil: 8, acc: 0000, samples: 0/0
display  D   display_settings.c:506  _al_score_display_settings       [   0.03903] Score is : 897
display  D   display_settings.c:191  debug_display_settings           [   0.03904] color: 32 (rgba 8880), depth: 24, stencil: 0, acc: 0000, samples: 0/0
display  D   display_settings.c:506  _al_score_display_settings       [   0.03906] Score is : 897
display  D   display_settings.c:191  debug_display_settings           [   0.03907] color: 32 (rgba 8880), depth: 24, stencil: 4, acc: 0000, samples: 0/0
display  D   display_settings.c:506  _al_score_display_settings       [   0.03909] Score is : 897
display  D   display_settings.c:191  debug_display_settings           [   0.03910] color: 32 (rgba 8880), depth: 0, stencil: 0, acc: 0000, samples: 0/1
display  D   display_settings.c:506  _al_score_display_settings       [   0.03912] Score is : 769
display  D   display_settings.c:191  debug_display_settings           [   0.03914] color: 32 (rgba 8880), depth: 0, stencil: 0, acc: 0000, samples: 1/1
display  D   display_settings.c:506  _al_score_display_settings       [   0.03915] Score is : 737
display  D   display_settings.c:191  debug_display_settings           [   0.03917] color: 32 (rgba 8880), depth: 24, stencil: 8, acc: 0000, samples: 0/1
display  D   display_settings.c:506  _al_score_display_settings       [   0.03919] Score is : 769
display  D   display_settings.c:191  debug_display_settings           [   0.03920] color: 32 (rgba 8880), depth: 24, stencil: 8, acc: 0000, samples: 1/1
display  D   display_settings.c:506  _al_score_display_settings       [   0.03922] Score is : 737
display  D   display_settings.c:191  debug_display_settings           [   0.03924] color: 32 (rgba 8880), depth: 24, stencil: 0, acc: 0000, samples: 0/1
display  D   display_settings.c:506  _al_score_display_settings       [   0.03925] Score is : 769
display  D   display_settings.c:191  debug_display_settings           [   0.03927] color: 32 (rgba 8880), depth: 24, stencil: 0, acc: 0000, samples: 1/1
display  D   display_settings.c:506  _al_score_display_settings       [   0.03929] Score is : 737
display  D   display_settings.c:191  debug_display_settings           [   0.03931] color: 32 (rgba 8880), depth: 24, stencil: 4, acc: 0000, samples: 0/1
display  D   display_settings.c:506  _al_score_display_settings       [   0.03933] Score is : 769
display  D   display_settings.c:191  debug_display_settings           [   0.03935] color: 32 (rgba 8880), depth: 24, stencil: 4, acc: 0000, samples: 1/1
display  D   display_settings.c:506  _al_score_display_settings       [   0.03938] Score is : 737
display  D   display_settings.c:191  debug_display_settings           [   0.03939] color: 32 (rgba 8880), depth: 0, stencil: 0, acc: 0000, samples: 0/0
display  D   display_settings.c:377  _al_score_display_settings       [   0.03941] Single Buffer requirement not met.
display  D   display_settings.c:191  debug_display_settings           [   0.03948] color: 32 (rgba 8880), depth: 24, stencil: 8, acc: 0000, samples: 0/0
display  D   display_settings.c:377  _al_score_display_settings       [   0.03950] Single Buffer requirement not met.
display  D   display_settings.c:191  debug_display_settings           [   0.03951] color: 32 (rgba 8880), depth: 24, stencil: 0, acc: 0000, samples: 0/0
display  D   display_settings.c:377  _al_score_display_settings       [   0.03953] Single Buffer requirement not met.
display  D   display_settings.c:191  debug_display_settings           [   0.03954] color: 32 (rgba 8880), depth: 24, stencil: 4, acc: 0000, samples: 0/0
display  D   display_settings.c:377  _al_score_display_settings       [   0.03956] Single Buffer requirement not met.
display  D   display_settings.c:191  debug_display_settings           [   0.03957] color: 32 (rgba 8880), depth: 0, stencil: 0, acc: 0000, samples: 0/1
display  D   display_settings.c:377  _al_score_display_settings       [   0.03959] Single Buffer requirement not met.
display  D   display_settings.c:191  debug_display_settings           [   0.03960] color: 32 (rgba 8880), depth: 0, stencil: 0, acc: 0000, samples: 1/1
display  D   display_settings.c:377  _al_score_display_settings       [   0.03962] Single Buffer requirement not met.
display  D   display_settings.c:191  debug_display_settings           [   0.03963] color: 32 (rgba 8880), depth: 24, stencil: 8, acc: 0000, samples: 0/1
display  D   display_settings.c:377  _al_score_display_settings       [   0.03965] Single Buffer requirement not met.
display  D   display_settings.c:191  debug_display_settings           [   0.03967] color: 32 (rgba 8880), depth: 24, stencil: 8, acc: 0000, samples: 1/1
display  D   display_settings.c:377  _al_score_display_settings       [   0.03968] Single Buffer requirement not met.
display  D   display_settings.c:191  debug_display_settings           [   0.03970] color: 32 (rgba 8880), depth: 24, stencil: 0, acc: 0000, samples: 0/1
display  D   display_settings.c:377  _al_score_display_settings       [   0.03971] Single Buffer requirement not met.
display  D   display_settings.c:191  debug_display_settings           [   0.03973] color: 32 (rgba 8880), depth: 24, stencil: 0, acc: 0000, samples: 1/1
display  D   display_settings.c:377  _al_score_display_settings       [   0.03974] Single Buffer requirement not met.
display  D   display_settings.c:191  debug_display_settings           [   0.03976] color: 32 (rgba 8880), depth: 24, stencil: 4, acc: 0000, samples: 0/1
display  D   display_settings.c:377  _al_score_display_settings       [   0.03978] Single Buffer requirement not met.
display  D   display_settings.c:191  debug_display_settings           [   0.03979] color: 32 (rgba 8880), depth: 24, stencil: 4, acc: 0000, samples: 1/1
display  D   display_settings.c:377  _al_score_display_settings       [   0.03981] Single Buffer requirement not met.
display  D   display_settings.c:191  debug_display_settings           [   0.03982] color: 32 (rgba 8880), depth: 0, stencil: 0, acc: 0000, samples: 0/0
display  D   display_settings.c:506  _al_score_display_settings       [   0.03984] Score is : 769
display  D   display_settings.c:191  debug_display_settings           [   0.03985] color: 32 (rgba 8880), depth: 32, stencil: 0, acc: 0000, samples: 0/0
display  D   display_settings.c:506  _al_score_display_settings       [   0.03987] Score is : 769
display  D   display_settings.c:191  debug_display_settings           [   0.03988] color: 32 (rgba 8880), depth: 24, stencil: 8, acc: 0000, samples: 0/0
display  D   display_settings.c:506  _al_score_display_settings       [   0.03990] Score is : 769
display  D   display_settings.c:191  debug_display_settings           [   0.03991] color: 32 (rgba 8880), depth: 24, stencil: 0, acc: 0000, samples: 0/0
display  D   display_settings.c:506  _al_score_display_settings       [   0.03993] Score is : 769
display  D   display_settings.c:191  debug_display_settings           [   0.03994] color: 32 (rgba 8880), depth: 24, stencil: 4, acc: 0000, samples: 0/0
display  D   display_settings.c:506  _al_score_display_settings       [   0.03996] Score is : 769
display  D   display_settings.c:191  debug_display_settings           [   0.03998] color: 32 (rgba 8880), depth: 0, stencil: 0, acc: 0000, samples: 0/1
display  D   display_settings.c:506  _al_score_display_settings       [   0.03999] Score is : 641
display  D   display_settings.c:191  debug_display_settings           [   0.04001] color: 32 (rgba 8880), depth: 0, stencil: 0, acc: 0000, samples: 1/1
display  D   display_settings.c:506  _al_score_display_settings       [   0.04002] Score is : 609
display  D   display_settings.c:191  debug_display_settings           [   0.04004] color: 32 (rgba 8880), depth: 32, stencil: 0, acc: 0000, samples: 0/1
display  D   display_settings.c:506  _al_score_display_settings       [   0.04005] Score is : 641
display  D   display_settings.c:191  debug_display_settings           [   0.04007] color: 32 (rgba 8880), depth: 32, stencil: 0, acc: 0000, samples: 1/1
display  D   display_settings.c:506  _al_score_display_settings       [   0.04009] Score is : 609
display  D   display_settings.c:191  debug_display_settings           [   0.04010] color: 32 (rgba 8880), depth: 24, stencil: 8, acc: 0000, samples: 0/1
display  D   display_settings.c:506  _al_score_display_settings       [   0.04012] Score is : 641
display  D   display_settings.c:191  debug_display_settings           [   0.04013] color: 32 (rgba 8880), depth: 24, stencil: 8, acc: 0000, samples: 1/1
display  D   display_settings.c:506  _al_score_display_settings       [   0.04015] Score is : 609
display  D   display_settings.c:191  debug_display_settings           [   0.04016] color: 32 (rgba 8880), depth: 24, stencil: 0, acc: 0000, samples: 0/1
display  D   display_settings.c:506  _al_score_display_settings       [   0.04018] Score is : 641
display  D   display_settings.c:191  debug_display_settings           [   0.04020] color: 32 (rgba 8880), depth: 24, stencil: 0, acc: 0000, samples: 1/1
display  D   display_settings.c:506  _al_score_display_settings       [   0.04022] Score is : 609
display  D   display_settings.c:191  debug_display_settings           [   0.04023] color: 32 (rgba 8880), depth: 24, stencil: 4, acc: 0000, samples: 0/1
display  D   display_settings.c:506  _al_score_display_settings       [   0.04025] Score is : 641
display  D   display_settings.c:191  debug_display_settings           [   0.04026] color: 32 (rgba 8880), depth: 24, stencil: 4, acc: 0000, samples: 1/1
display  D   display_settings.c:506  _al_score_display_settings       [   0.04028] Score is : 609
display  D   display_settings.c:191  debug_display_settings           [   0.04029] color: 32 (rgba 8880), depth: 0, stencil: 0, acc: 0000, samples: 0/0
display  D   display_settings.c:377  _al_score_display_settings       [   0.04031] Single Buffer requirement not met.
display  D   display_settings.c:191  debug_display_settings           [   0.04033] color: 32 (rgba 8880), depth: 32, stencil: 0, acc: 0000, samples: 0/0
display  D   display_settings.c:377  _al_score_display_settings       [   0.04034] Single Buffer requirement not met.
display  D   display_settings.c:191  debug_display_settings           [   0.04036] color: 32 (rgba 8880), depth: 24, stencil: 8, acc: 0000, samples: 0/0
display  D   display_settings.c:377  _al_score_display_settings       [   0.04037] Single Buffer requirement not met.
display  D   display_settings.c:191  debug_display_settings           [   0.04039] color: 32 (rgba 8880), depth: 24, stencil: 0, acc: 0000, samples: 0/0
display  D   display_settings.c:377  _al_score_display_settings       [   0.04041] Single Buffer requirement not met.
display  D   display_settings.c:191  debug_display_settings           [   0.04042] color: 32 (rgba 8880), depth: 24, stencil: 4, acc: 0000, samples: 0/0
display  D   display_settings.c:377  _al_score_display_settings       [   0.04044] Single Buffer requirement not met.
display  D   display_settings.c:191  debug_display_settings           [   0.04045] color: 32 (rgba 8880), depth: 0, stencil: 0, acc: 0000, samples: 0/1
display  D   display_settings.c:377  _al_score_display_settings       [   0.04047] Single Buffer requirement not met.
display  D   display_settings.c:191  debug_display_settings           [   0.04048] color: 32 (rgba 8880), depth: 0, stencil: 0, acc: 0000, samples: 1/1
display  D   display_settings.c:377  _al_score_display_settings       [   0.04050] Single Buffer requirement not met.
display  D   display_settings.c:191  debug_display_settings           [   0.04052] color: 32 (rgba 8880), depth: 32, stencil: 0, acc: 0000, samples: 0/1
display  D   display_settings.c:377  _al_score_display_settings       [   0.04053] Single Buffer requirement not met.
display  D   display_settings.c:191  debug_display_settings           [   0.04055] color: 32 (rgba 8880), depth: 32, stencil: 0, acc: 0000, samples: 1/1
display  D   display_settings.c:377  _al_score_display_settings       [   0.04056] Single Buffer requirement not met.
display  D   display_settings.c:191  debug_display_settings           [   0.04058] color: 32 (rgba 8880), depth: 24, stencil: 8, acc: 0000, samples: 0/1
display  D   display_settings.c:377  _al_score_display_settings       [   0.04060] Single Buffer requirement not met.
display  D   display_settings.c:191  debug_display_settings           [   0.04061] color: 32 (rgba 8880), depth: 24, stencil: 8, acc: 0000, samples: 1/1
display  D   display_settings.c:377  _al_score_display_settings       [   0.04063] Single Buffer requirement not met.
display  D   display_settings.c:191  debug_display_settings           [   0.04064] color: 32 (rgba 8880), depth: 24, stencil: 0, acc: 0000, samples: 0/1
display  D   display_settings.c:377  _al_score_display_settings       [   0.04066] Single Buffer requirement not met.
display  D   display_settings.c:191  debug_display_settings           [   0.04068] color: 32 (rgba 8880), depth: 24, stencil: 0, acc: 0000, samples: 1/1
display  D   display_settings.c:377  _al_score_display_settings       [   0.04070] Single Buffer requirement not met.
display  D   display_settings.c:191  debug_display_settings           [   0.04071] color: 32 (rgba 8880), depth: 24, stencil: 4, acc: 0000, samples: 0/1
display  D   display_settings.c:377  _al_score_display_settings       [   0.04073] Single Buffer requirement not met.
display  D   display_settings.c:191  debug_display_settings           [   0.04074] color: 32 (rgba 8880), depth: 24, stencil: 4, acc: 0000, samples: 1/1
display  D   display_settings.c:377  _al_score_display_settings       [   0.04076] Single Buffer requirement not met.
display  D   display_settings.c:191  debug_display_settings           [   0.04077] color: 16 (rgba 5650), depth: 0, stencil: 0, acc: 0000, samples: 0/0
display  D   display_settings.c:506  _al_score_display_settings       [   0.04079] Score is : 897
display  D   display_settings.c:191  debug_display_settings           [   0.04081] color: 16 (rgba 5650), depth: 15, stencil: 1, acc: 0000, samples: 0/0
display  D   display_settings.c:506  _al_score_display_settings       [   0.04082] Score is : 897
display  D   display_settings.c:191  debug_display_settings           [   0.04084] color: 16 (rgba 5650), depth: 16, stencil: 0, acc: 0000, samples: 0/0
display  D   display_settings.c:506  _al_score_display_settings       [   0.04085] Score is : 897
display  D   display_settings.c:191  debug_display_settings           [   0.04087] color: 16 (rgba 5650), depth: 32, stencil: 0, acc: 0000, samples: 0/0
display  D   display_settings.c:506  _al_score_display_settings       [   0.04089] Score is : 897
display  D   display_settings.c:191  debug_display_settings           [   0.04090] color: 16 (rgba 5650), depth: 24, stencil: 8, acc: 0000, samples: 0/0
display  D   display_settings.c:506  _al_score_display_settings       [   0.04092] Score is : 897
display  D   display_settings.c:191  debug_display_settings           [   0.04094] color: 16 (rgba 5650), depth: 24, stencil: 0, acc: 0000, samples: 0/0
display  D   display_settings.c:506  _al_score_display_settings       [   0.04097] Score is : 897
display  D   display_settings.c:191  debug_display_settings           [   0.04098] color: 16 (rgba 5650), depth: 24, stencil: 4, acc: 0000, samples: 0/0
display  D   display_settings.c:506  _al_score_display_settings       [   0.04100] Score is : 897
display  D   display_settings.c:191  debug_display_settings           [   0.04101] color: 16 (rgba 5650), depth: 0, stencil: 0, acc: 0000, samples: 0/1
display  D   display_settings.c:506  _al_score_display_settings       [   0.04103] Score is : 769
display  D   display_settings.c:191  debug_display_settings           [   0.04105] color: 16 (rgba 5650), depth: 0, stencil: 0, acc: 0000, samples: 1/1
display  D   display_settings.c:506  _al_score_display_settings       [   0.04108] Score is : 737
display  D   display_settings.c:191  debug_display_settings           [   0.04110] color: 16 (rgba 5650), depth: 15, stencil: 1, acc: 0000, samples: 0/1
display  D   display_settings.c:506  _al_score_display_settings       [   0.04112] Score is : 769
display  D   display_settings.c:191  debug_display_settings           [   0.04114] color: 16 (rgba 5650), depth: 15, stencil: 1, acc: 0000, samples: 1/1
display  D   display_settings.c:506  _al_score_display_settings       [   0.04115] Score is : 737
display  D   display_settings.c:191  debug_display_settings           [   0.04117] color: 16 (rgba 5650), depth: 16, stencil: 0, acc: 0000, samples: 0/1
display  D   display_settings.c:506  _al_score_display_settings       [   0.04119] Score is : 769
display  D   display_settings.c:191  debug_display_settings           [   0.04120] color: 16 (rgba 5650), depth: 16, stencil: 0, acc: 0000, samples: 1/1
display  D   display_settings.c:506  _al_score_display_settings       [   0.04122] Score is : 737
display  D   display_settings.c:191  debug_display_settings           [   0.04123] color: 16 (rgba 5650), depth: 32, stencil: 0, acc: 0000, samples: 0/1
display  D   display_settings.c:506  _al_score_display_settings       [   0.04125] Score is : 769
display  D   display_settings.c:191  debug_display_settings           [   0.04127] color: 16 (rgba 5650), depth: 32, stencil: 0, acc: 0000, samples: 1/1
display  D   display_settings.c:506  _al_score_display_settings       [   0.04128] Score is : 737
display  D   display_settings.c:191  debug_display_settings           [   0.04130] color: 16 (rgba 5650), depth: 24, stencil: 8, acc: 0000, samples: 0/1
display  D   display_settings.c:506  _al_score_display_settings       [   0.04131] Score is : 769
display  D   display_settings.c:191  debug_display_settings           [   0.04133] color: 16 (rgba 5650), depth: 24, stencil: 8, acc: 0000, samples: 1/1
display  D   display_settings.c:506  _al_score_display_settings       [   0.04135] Score is : 737
display  D   display_settings.c:191  debug_display_settings           [   0.04136] color: 16 (rgba 5650), depth: 24, stencil: 0, acc: 0000, samples: 0/1
display  D   display_settings.c:506  _al_score_display_settings       [   0.04138] Score is : 769
display  D   display_settings.c:191  debug_display_settings           [   0.04139] color: 16 (rgba 5650), depth: 24, stencil: 0, acc: 0000, samples: 1/1
display  D   display_settings.c:506  _al_score_display_settings       [   0.04141] Score is : 737
display  D   display_settings.c:191  debug_display_settings           [   0.04142] color: 16 (rgba 5650), depth: 24, stencil: 4, acc: 0000, samples: 0/1
display  D   display_settings.c:506  _al_score_display_settings       [   0.04144] Score is : 769
display  D   display_settings.c:191  debug_display_settings           [   0.04145] color: 16 (rgba 5650), depth: 24, stencil: 4, acc: 0000, samples: 1/1
display  D   display_settings.c:506  _al_score_display_settings       [   0.04147] Score is : 737
display  D   display_settings.c:191  debug_display_settings           [   0.04149] color: 16 (rgba 5650), depth: 0, stencil: 0, acc: 0000, samples: 0/0
display  D   display_settings.c:377  _al_score_display_settings       [   0.04151] Single Buffer requirement not met.
display  D   display_settings.c:191  debug_display_settings           [   0.04153] color: 16 (rgba 5650), depth: 15, stencil: 1, acc: 0000, samples: 0/0
display  D   display_settings.c:377  _al_score_display_settings       [   0.04156] Single Buffer requirement not met.
display  D   display_settings.c:191  debug_display_settings           [   0.04158] color: 16 (rgba 5650), depth: 16, stencil: 0, acc: 0000, samples: 0/0
display  D   display_settings.c:377  _al_score_display_settings       [   0.04178] Single Buffer requirement not met.
display  D   display_settings.c:191  debug_display_settings           [   0.04181] color: 16 (rgba 5650), depth: 32, stencil: 0, acc: 0000, samples: 0/0
display  D   display_settings.c:377  _al_score_display_settings       [   0.04184] Single Buffer requirement not met.
display  D   display_settings.c:191  debug_display_settings           [   0.04186] color: 16 (rgba 5650), depth: 24, stencil: 8, acc: 0000, samples: 0/0
display  D   display_settings.c:377  _al_score_display_settings       [   0.04189] Single Buffer requirement not met.
display  D   display_settings.c:191  debug_display_settings           [   0.04191] color: 16 (rgba 5650), depth: 24, stencil: 0, acc: 0000, samples: 0/0
display  D   display_settings.c:377  _al_score_display_settings       [   0.04194] Single Buffer requirement not met.
display  D   display_settings.c:191  debug_display_settings           [   0.04196] color: 16 (rgba 5650), depth: 24, stencil: 4, acc: 0000, samples: 0/0
display  D   display_settings.c:377  _al_score_display_settings       [   0.04199] Single Buffer requirement not met.
display  D   display_settings.c:191  debug_display_settings           [   0.04201] color: 16 (rgba 5650), depth: 0, stencil: 0, acc: 0000, samples: 0/1
display  D   display_settings.c:377  _al_score_display_settings       [   0.04203] Single Buffer requirement not met.
display  D   display_settings.c:191  debug_display_settings           [   0.04206] color: 16 (rgba 5650), depth: 0, stencil: 0, acc: 0000, samples: 1/1
display  D   display_settings.c:377  _al_score_display_settings       [   0.04208] Single Buffer requirement not met.
display  D   display_settings.c:191  debug_display_settings           [   0.04211] color: 16 (rgba 5650), depth: 15, stencil: 1, acc: 0000, samples: 0/1
display  D   display_settings.c:377  _al_score_display_settings       [   0.04214] Single Buffer requirement not met.
display  D   display_settings.c:191  debug_display_settings           [   0.04216] color: 16 (rgba 5650), depth: 15, stencil: 1, acc: 0000, samples: 1/1
display  D   display_settings.c:377  _al_score_display_settings       [   0.04219] Single Buffer requirement not met.
display  D   display_settings.c:191  debug_display_settings           [   0.04221] color: 16 (rgba 5650), depth: 16, stencil: 0, acc: 0000, samples: 0/1
display  D   display_settings.c:377  _al_score_display_settings       [   0.04224] Single Buffer requirement not met.
display  D   display_settings.c:191  debug_display_settings           [   0.04226] color: 16 (rgba 5650), depth: 16, stencil: 0, acc: 0000, samples: 1/1
display  D   display_settings.c:377  _al_score_display_settings       [   0.04229] Single Buffer requirement not met.
display  D   display_settings.c:191  debug_display_settings           [   0.04231] color: 16 (rgba 5650), depth: 32, stencil: 0, acc: 0000, samples: 0/1
display  D   display_settings.c:377  _al_score_display_settings       [   0.04234] Single Buffer requirement not met.
display  D   display_settings.c:191  debug_display_settings           [   0.04236] color: 16 (rgba 5650), depth: 32, stencil: 0, acc: 0000, samples: 1/1
display  D   display_settings.c:377  _al_score_display_settings       [   0.04238] Single Buffer requirement not met.
display  D   display_settings.c:191  debug_display_settings           [   0.04240] color: 16 (rgba 5650), depth: 24, stencil: 8, acc: 0000, samples: 0/1
display  D   display_settings.c:377  _al_score_display_settings       [   0.04242] Single Buffer requirement not met.
display  D   display_settings.c:191  debug_display_settings           [   0.04244] color: 16 (rgba 5650), depth: 24, stencil: 8, acc: 0000, samples: 1/1
display  D   display_settings.c:377  _al_score_display_settings       [   0.04245] Single Buffer requirement not met.
display  D   display_settings.c:191  debug_display_settings           [   0.04248] color: 16 (rgba 5650), depth: 24, stencil: 0, acc: 0000, samples: 0/1
display  D   display_settings.c:377  _al_score_display_settings       [   0.04250] Single Buffer requirement not met.
display  D   display_settings.c:191  debug_display_settings           [   0.04251] color: 16 (rgba 5650), depth: 24, stencil: 0, acc: 0000, samples: 1/1
display  D   display_settings.c:377  _al_score_display_settings       [   0.04253] Single Buffer requirement not met.
display  D   display_settings.c:191  debug_display_settings           [   0.04255] color: 16 (rgba 5650), depth: 24, stencil: 4, acc: 0000, samples: 0/1
display  D   display_settings.c:377  _al_score_display_settings       [   0.04257] Single Buffer requirement not met.
display  D   display_settings.c:191  debug_display_settings           [   0.04259] color: 16 (rgba 5650), depth: 24, stencil: 4, acc: 0000, samples: 1/1
display  D   display_settings.c:377  _al_score_display_settings       [   0.04261] Single Buffer requirement not met.
display  D   display_settings.c:191  debug_display_settings           [   0.04262] color: 16 (rgba 5650), depth: 0, stencil: 0, acc: 0000, samples: 0/0
display  D   display_settings.c:506  _al_score_display_settings       [   0.04264] Score is : 769
display  D   display_settings.c:191  debug_display_settings           [   0.04265] color: 16 (rgba 5650), depth: 15, stencil: 1, acc: 0000, samples: 0/0
display  D   display_settings.c:506  _al_score_display_settings       [   0.04267] Score is : 769
display  D   display_settings.c:191  debug_display_settings           [   0.04268] color: 16 (rgba 5650), depth: 16, stencil: 0, acc: 0000, samples: 0/0
display  D   display_settings.c:506  _al_score_display_settings       [   0.04270] Score is : 769
display  D   display_settings.c:191  debug_display_settings           [   0.04271] color: 16 (rgba 5650), depth: 32, stencil: 0, acc: 0000, samples: 0/0
display  D   display_settings.c:506  _al_score_display_settings       [   0.04273] Score is : 769
display  D   display_settings.c:191  debug_display_settings           [   0.04274] color: 16 (rgba 5650), depth: 24, stencil: 8, acc: 0000, samples: 0/0
display  D   display_settings.c:506  _al_score_display_settings       [   0.04276] Score is : 769
display  D   display_settings.c:191  debug_display_settings           [   0.04277] color: 16 (rgba 5650), depth: 24, stencil: 0, acc: 0000, samples: 0/0
display  D   display_settings.c:506  _al_score_display_settings       [   0.04280] Score is : 769
display  D   display_settings.c:191  debug_display_settings           [   0.04281] color: 16 (rgba 5650), depth: 24, stencil: 4, acc: 0000, samples: 0/0
display  D   display_settings.c:506  _al_score_display_settings       [   0.04283] Score is : 769
display  D   display_settings.c:191  debug_display_settings           [   0.04284] color: 16 (rgba 5650), depth: 0, stencil: 0, acc: 0000, samples: 0/1
display  D   display_settings.c:506  _al_score_display_settings       [   0.04286] Score is : 641
display  D   display_settings.c:191  debug_display_settings           [   0.04287] color: 16 (rgba 5650), depth: 0, stencil: 0, acc: 0000, samples: 1/1
display  D   display_settings.c:506  _al_score_display_settings       [   0.04289] Score is : 609
display  D   display_settings.c:191  debug_display_settings           [   0.04290] color: 16 (rgba 5650), depth: 15, stencil: 1, acc: 0000, samples: 0/1
display  D   display_settings.c:506  _al_score_display_settings       [   0.04292] Score is : 641
display  D   display_settings.c:191  debug_display_settings           [   0.04293] color: 16 (rgba 5650), depth: 15, stencil: 1, acc: 0000, samples: 1/1
display  D   display_settings.c:506  _al_score_display_settings       [   0.04295] Score is : 609
display  D   display_settings.c:191  debug_display_settings           [   0.04297] color: 16 (rgba 5650), depth: 16, stencil: 0, acc: 0000, samples: 0/1
display  D   display_settings.c:506  _al_score_display_settings       [   0.04299] Score is : 641
display  D   display_settings.c:191  debug_display_settings           [   0.04300] color: 16 (rgba 5650), depth: 16, stencil: 0, acc: 0000, samples: 1/1
display  D   display_settings.c:506  _al_score_display_settings       [   0.04302] Score is : 609
display  D   display_settings.c:191  debug_display_settings           [   0.04303] color: 16 (rgba 5650), depth: 32, stencil: 0, acc: 0000, samples: 0/1
display  D   display_settings.c:506  _al_score_display_settings       [   0.04305] Score is : 641
display  D   display_settings.c:191  debug_display_settings           [   0.04306] color: 16 (rgba 5650), depth: 32, stencil: 0, acc: 0000, samples: 1/1
display  D   display_settings.c:506  _al_score_display_settings       [   0.04308] Score is : 609
display  D   display_settings.c:191  debug_display_settings           [   0.04309] color: 16 (rgba 5650), depth: 24, stencil: 8, acc: 0000, samples: 0/1
display  D   display_settings.c:506  _al_score_display_settings       [   0.04311] Score is : 641
display  D   display_settings.c:191  debug_display_settings           [   0.04312] color: 16 (rgba 5650), depth: 24, stencil: 8, acc: 0000, samples: 1/1
display  D   display_settings.c:506  _al_score_display_settings       [   0.04314] Score is : 609
display  D   display_settings.c:191  debug_display_settings           [   0.04315] color: 16 (rgba 5650), depth: 24, stencil: 0, acc: 0000, samples: 0/1
display  D   display_settings.c:506  _al_score_display_settings       [   0.04326] Score is : 641
display  D   display_settings.c:191  debug_display_settings           [   0.04328] color: 16 (rgba 5650), depth: 24, stencil: 0, acc: 0000, samples: 1/1
display  D   display_settings.c:506  _al_score_display_settings       [   0.04329] Score is : 609
display  D   display_settings.c:191  debug_display_settings           [   0.04331] color: 16 (rgba 5650), depth: 24, stencil: 4, acc: 0000, samples: 0/1
display  D   display_settings.c:506  _al_score_display_settings       [   0.04332] Score is : 641
display  D   display_settings.c:191  debug_display_settings           [   0.04334] color: 16 (rgba 5650), depth: 24, stencil: 4, acc: 0000, samples: 1/1
display  D   display_settings.c:506  _al_score_display_settings       [   0.04336] Score is : 609
display  D   display_settings.c:191  debug_display_settings           [   0.04337] color: 16 (rgba 5650), depth: 0, stencil: 0, acc: 0000, samples: 0/0
display  D   display_settings.c:377  _al_score_display_settings       [   0.04339] Single Buffer requirement not met.
display  D   display_settings.c:191  debug_display_settings           [   0.04340] color: 16 (rgba 5650), depth: 15, stencil: 1, acc: 0000, samples: 0/0
display  D   display_settings.c:377  _al_score_display_settings       [   0.04342] Single Buffer requirement not met.
display  D   display_settings.c:191  debug_display_settings           [   0.04343] color: 16 (rgba 5650), depth: 16, stencil: 0, acc: 0000, samples: 0/0
display  D   display_settings.c:377  _al_score_display_settings       [   0.04345] Single Buffer requirement not met.
display  D   display_settings.c:191  debug_display_settings           [   0.04346] color: 16 (rgba 5650), depth: 32, stencil: 0, acc: 0000, samples: 0/0
display  D   display_settings.c:377  _al_score_display_settings       [   0.04348] Single Buffer requirement not met.
display  D   display_settings.c:191  debug_display_settings           [   0.04350] color: 16 (rgba 5650), depth: 24, stencil: 8, acc: 0000, samples: 0/0
display  D   display_settings.c:377  _al_score_display_settings       [   0.04351] Single Buffer requirement not met.
display  D   display_settings.c:191  debug_display_settings           [   0.04353] color: 16 (rgba 5650), depth: 24, stencil: 0, acc: 0000, samples: 0/0
display  D   display_settings.c:377  _al_score_display_settings       [   0.04358] Single Buffer requirement not met.
display  D   display_settings.c:191  debug_display_settings           [   0.04360] color: 16 (rgba 5650), depth: 24, stencil: 4, acc: 0000, samples: 0/0
display  D   display_settings.c:377  _al_score_display_settings       [   0.04361] Single Buffer requirement not met.
display  D   display_settings.c:191  debug_display_settings           [   0.04363] color: 16 (rgba 5650), depth: 0, stencil: 0, acc: 0000, samples: 0/1
display  D   display_settings.c:377  _al_score_display_settings       [   0.04365] Single Buffer requirement not met.
display  D   display_settings.c:191  debug_display_settings           [   0.04366] color: 16 (rgba 5650), depth: 0, stencil: 0, acc: 0000, samples: 1/1
display  D   display_settings.c:377  _al_score_display_settings       [   0.04368] Single Buffer requirement not met.
display  D   display_settings.c:191  debug_display_settings           [   0.04369] color: 16 (rgba 5650), depth: 15, stencil: 1, acc: 0000, samples: 0/1
display  D   display_settings.c:377  _al_score_display_settings       [   0.04371] Single Buffer requirement not met.
display  D   display_settings.c:191  debug_display_settings           [   0.04372] color: 16 (rgba 5650), depth: 15, stencil: 1, acc: 0000, samples: 1/1
display  D   display_settings.c:377  _al_score_display_settings       [   0.04374] Single Buffer requirement not met.
display  D   display_settings.c:191  debug_display_settings           [   0.04375] color: 16 (rgba 5650), depth: 16, stencil: 0, acc: 0000, samples: 0/1
display  D   display_settings.c:377  _al_score_display_settings       [   0.04377] Single Buffer requirement not met.
display  D   display_settings.c:191  debug_display_settings           [   0.04378] color: 16 (rgba 5650), depth: 16, stencil: 0, acc: 0000, samples: 1/1
display  D   display_settings.c:377  _al_score_display_settings       [   0.04380] Single Buffer requirement not met.
display  D   display_settings.c:191  debug_display_settings           [   0.04381] color: 16 (rgba 5650), depth: 32, stencil: 0, acc: 0000, samples: 0/1
display  D   display_settings.c:377  _al_score_display_settings       [   0.04383] Single Buffer requirement not met.
display  D   display_settings.c:191  debug_display_settings           [   0.04384] color: 16 (rgba 5650), depth: 32, stencil: 0, acc: 0000, samples: 1/1
display  D   display_settings.c:377  _al_score_display_settings       [   0.04386] Single Buffer requirement not met.
display  D   display_settings.c:191  debug_display_settings           [   0.04388] color: 16 (rgba 5650), depth: 24, stencil: 8, acc: 0000, samples: 0/1
display  D   display_settings.c:377  _al_score_display_settings       [   0.04390] Single Buffer requirement not met.
display  D   display_settings.c:191  debug_display_settings           [   0.04391] color: 16 (rgba 5650), depth: 24, stencil: 8, acc: 0000, samples: 1/1
display  D   display_settings.c:377  _al_score_display_settings       [   0.04393] Single Buffer requirement not met.
display  D   display_settings.c:191  debug_display_settings           [   0.04394] color: 16 (rgba 5650), depth: 24, stencil: 0, acc: 0000, samples: 0/1
display  D   display_settings.c:377  _al_score_display_settings       [   0.04396] Single Buffer requirement not met.
display  D   display_settings.c:191  debug_display_settings           [   0.04397] color: 16 (rgba 5650), depth: 24, stencil: 0, acc: 0000, samples: 1/1
display  D   display_settings.c:377  _al_score_display_settings       [   0.04399] Single Buffer requirement not met.
display  D   display_settings.c:191  debug_display_settings           [   0.04400] color: 16 (rgba 5650), depth: 24, stencil: 4, acc: 0000, samples: 0/1
display  D   display_settings.c:377  _al_score_display_settings       [   0.04402] Single Buffer requirement not met.
display  D   display_settings.c:191  debug_display_settings           [   0.04403] color: 16 (rgba 5650), depth: 24, stencil: 4, acc: 0000, samples: 1/1
display  D   display_settings.c:377  _al_score_display_settings       [   0.04405] Single Buffer requirement not met.
display  D   display_settings.c:191  debug_display_settings           [   0.04406] color: 0 (rgba 0000), depth: 0, stencil: 0, acc: 0000, samples: 0/0
display  D   display_settings.c:217  _al_score_display_settings       [   0.04408] Display not compatible with Allegro.
display  D   display_settings.c:191  debug_display_settings           [   0.04410] color: 0 (rgba 0000), depth: 0, stencil: 0, acc: 0000, samples: 0/0
display  D   display_settings.c:217  _al_score_display_settings       [   0.04411] Display not compatible with Allegro.
d3d      D         d3d_disp.cpp:1838 d3d_create_display_internals     [   0.04415] Trying format 0 of 140.
d3d      I         d3d_disp.cpp:1516 d3d_display_thread_proc          [   0.04435] Chose a display format: 23
d3d      I         d3d_disp.cpp:1585 d3d_display_thread_proc          [   0.04438] Normal window.
d3d      I         d3d_disp.cpp:992  d3d_create_device                [   0.05377] Using no depth stencil buffer
d3d      D         d3d_disp.cpp:1057 d3d_create_device                [   0.16017] BeginScene succeeded in create_device
d3d      D         d3d_disp.cpp:1065 d3d_create_device                [   0.16022] Success
d3d      D         d3d_disp.cpp:1861 d3d_create_display_internals     [   0.16025] Resumed after wait.
d3d      I         d3d_disp.cpp:1886 d3d_create_display_internals     [   0.16030] Format 0 succeeded.
system   D            wsystem.c:583  maybe_parent_dir                 [   0.16195] Also searching C:\Users\Olaf\Mijn projecten\C++\Games\EarthDefender\
system   D            wsystem.c:633  _al_win_safe_load_library        [   0.16210] PathFindOnPath found: C:\Windows\system32\dsound.dll
system   D            wsystem.c:544  load_library_at_path             [   0.16212] Calling LoadLibrary C:\Windows\system32\dsound.dll
system   I            wsystem.c:547  load_library_at_path             [   0.16253] Loaded C:\Windows\system32\dsound.dll
audio-dsound I           dsound.cpp:217  _dsound_open                     [   0.16256] Starting DirectSound...
audio    I              audio.c:286  do_install_audio                 [   0.17387] Using DirectSound driver
dtor     D               dtor.c:184  _al_register_destructor          [   0.17395] added dtor for object 00345E60, func 0FDA24EB
dtor     D               dtor.c:184  _al_register_destructor          [   0.17397] added dtor for object 00347EA0, func 0FDA28DD
dtor     D               dtor.c:184  _al_register_destructor          [   0.17452] added dtor for object 003482B0, func 0FDA23C4
audio    D          kcm_mixer.c:121  _al_rechannel_matrix             [   0.17455] sample matrix:
audio    D          kcm_mixer.c:127  _al_rechannel_matrix             [   0.17457] 
audio    D          kcm_mixer.c:127  _al_rechannel_matrix             [   0.17458] 
dtor     D               dtor.c:184  _al_register_destructor          [   0.17459] added dtor for object 00348070, func 0FDA23C4
audio    D          kcm_mixer.c:121  _al_rechannel_matrix             [   0.17467] sample matrix:
audio    D          kcm_mixer.c:127  _al_rechannel_matrix             [   0.17468] 
audio    D          kcm_mixer.c:127  _al_rechannel_matrix             [   0.17470] 
dtor     D               dtor.c:184  _al_register_destructor          [   0.17472] added dtor for object 00348178, func 0FDA23C4
audio    D          kcm_mixer.c:121  _al_rechannel_matrix             [   0.17474] sample matrix:
audio    D          kcm_mixer.c:127  _al_rechannel_matrix             [   0.17475] 
audio    D          kcm_mixer.c:127  _al_rechannel_matrix             [   0.17476] 
dtor     D               dtor.c:184  _al_register_destructor          [   0.17478] added dtor for object 0034E6C8, func 0FDA23C4
audio    D          kcm_mixer.c:121  _al_rechannel_matrix             [   0.17481] sample matrix:
audio    D          kcm_mixer.c:127  _al_rechannel_matrix             [   0.17483] 
audio    D          kcm_mixer.c:127  _al_rechannel_matrix             [   0.17486] 
dtor     D               dtor.c:184  _al_register_destructor          [   0.17488] added dtor for object 0034E7D0, func 0FDA23C4
audio    D          kcm_mixer.c:121  _al_rechannel_matrix             [   0.17491] sample matrix:
audio    D          kcm_mixer.c:127  _al_rechannel_matrix             [   0.17493] 
audio    D          kcm_mixer.c:127  _al_rechannel_matrix             [   0.17495] 
dtor     D               dtor.c:184  _al_register_destructor          [   0.17497] added dtor for object 0034E8D8, func 0FDA23C4
audio    D          kcm_mixer.c:121  _al_rechannel_matrix             [   0.17499] sample matrix:
audio    D          kcm_mixer.c:127  _al_rechannel_matrix             [   0.17501] 
audio    D          kcm_mixer.c:127  _al_rechannel_matrix             [   0.17503] 
dtor     D               dtor.c:184  _al_register_destructor          [   0.17505] added dtor for object 0034E9E0, func 0FDA23C4
audio    D          kcm_mixer.c:121  _al_rechannel_matrix             [   0.17507] sample matrix:
audio    D          kcm_mixer.c:127  _al_rechannel_matrix             [   0.17508] 
audio    D          kcm_mixer.c:127  _al_rechannel_matrix             [   0.17510] 
dtor     D               dtor.c:184  _al_register_destructor          [   0.17511] added dtor for object 0034EB98, func 0FDA23C4
audio    D          kcm_mixer.c:121  _al_rechannel_matrix             [   0.17514] sample matrix:
audio    D          kcm_mixer.c:127  _al_rechannel_matrix             [   0.17516] 
audio    D          kcm_mixer.c:127  _al_rechannel_matrix             [   0.17518] 
dtor     D               dtor.c:184  _al_register_destructor          [   0.17521] added dtor for object 0034FCA0, func 0FDA23C4
audio    D          kcm_mixer.c:121  _al_rechannel_matrix             [   0.17524] sample matrix:
audio    D          kcm_mixer.c:127  _al_rechannel_matrix             [   0.17527] 
audio    D          kcm_mixer.c:127  _al_rechannel_matrix             [   0.17528] 
dtor     D               dtor.c:184  _al_register_destructor          [   0.17530] added dtor for object 0034FDA8, func 0FDA23C4
audio    D          kcm_mixer.c:121  _al_rechannel_matrix             [   0.17531] sample matrix:
audio    D          kcm_mixer.c:127  _al_rechannel_matrix             [   0.17533] 
audio    D          kcm_mixer.c:127  _al_rechannel_matrix             [   0.17534] 
acodec   I                ogg.c:201  _al_load_ogg_vorbis              [   0.17535] Loading sample shot.ogg.
acodec   W                ogg.c:204  _al_load_ogg_vorbis              [   0.17541] Failed reading shot.ogg.
acodec   I                ogg.c:201  _al_load_ogg_vorbis              [   0.17543] Loading sample explosion.ogg.
acodec   W                ogg.c:204  _al_load_ogg_vorbis              [   0.17546] Failed reading explosion.ogg.
acodec   I                ogg.c:201  _al_load_ogg_vorbis              [   0.17547] Loading sample loser.ogg.
acodec   W                ogg.c:204  _al_load_ogg_vorbis              [   0.17550] Failed reading loser.ogg.
acodec   I                ogg.c:201  _al_load_ogg_vorbis              [   0.17552] Loading sample backgroundSound.ogg.
acodec   W                ogg.c:204  _al_load_ogg_vorbis              [   0.17555] Failed reading backgroundSound.ogg.
dtor     D               dtor.c:184  _al_register_destructor          [   0.17556] added dtor for object 0034FEB0, func 0FDA23C4
audio    D          kcm_mixer.c:121  _al_rechannel_matrix             [   0.17558] sample matrix:
audio    D          kcm_mixer.c:127  _al_rechannel_matrix             [   0.17559] 
audio    D          kcm_mixer.c:127  _al_rechannel_matrix             [   0.17560] 
dtor     D               dtor.c:184  _al_register_destructor          [   0.17562] added dtor for object 0034FFB8, func 0FDA2775
dtor     D               dtor.c:184  _al_register_destructor          [   0.17564] added dtor for object 00350050, func 0FDA24AA
bitmap   W          bitmap_io.c:221  al_load_bitmap                   [   0.17567] Failed loading spaceship.png with .png handler.
