C:\USERS\OLAF\MIJN PROJECTEN\C++\GAMES\EARTHDEFENDER\EARTHDEFENDER\DEBUG\MAIN.OBJ
C:\USERS\OLAF\MIJN PROJECTEN\C++\GAMES\EARTHDEFENDER\EARTHDEFENDER\DEBUG\VC100.PDB
C:\USERS\OLAF\MIJN PROJECTEN\C++\GAMES\EARTHDEFENDER\EARTHDEFENDER\DEBUG\VC110.PDB
C:\USERS\OLAF\MIJN PROJECTEN\C++\GAMES\EARTHDEFENDER\DEBUG\EARTHDEFENDER.ILK
C:\USERS\OLAF\MIJN PROJECTEN\C++\GAMES\EARTHDEFENDER\DEBUG\EARTHDEFENDER.EXE
C:\USERS\OLAF\MIJN PROJECTEN\C++\GAMES\EARTHDEFENDER\EARTHDEFENDER\DEBUG\EARTHDEFENDER.EXE.INTERMEDIATE.MANIFEST
C:\USERS\OLAF\MIJN PROJECTEN\C++\GAMES\EARTHDEFENDER\DEBUG\EARTHDEFENDER.PDB
C:\Users\Olaf\Mijn projecten\C++\Games\EarthDefender\EarthDefender\Debug\cl.command.1.tlog
C:\Users\Olaf\Mijn projecten\C++\Games\EarthDefender\EarthDefender\Debug\CL.read.1.tlog
C:\Users\Olaf\Mijn projecten\C++\Games\EarthDefender\EarthDefender\Debug\CL.write.1.tlog
C:\Users\Olaf\Mijn projecten\C++\Games\EarthDefender\EarthDefender\Debug\link.command.1.tlog
C:\Users\Olaf\Mijn projecten\C++\Games\EarthDefender\EarthDefender\Debug\link.read.1.tlog
C:\Users\Olaf\Mijn projecten\C++\Games\EarthDefender\EarthDefender\Debug\link.write.1.tlog
C:\Users\Olaf\Mijn projecten\C++\Games\EarthDefender\EarthDefender\Debug\mt.command.1.tlog
C:\Users\Olaf\Mijn projecten\C++\Games\EarthDefender\EarthDefender\Debug\mt.read.1.tlog
C:\Users\Olaf\Mijn projecten\C++\Games\EarthDefender\EarthDefender\Debug\mt.write.1.tlog
C:\Users\Olaf\Mijn projecten\C++\Games\EarthDefender\EarthDefender\Debug\EarthDefender.exe.intermediate.manifest
C:\Users\Olaf\Mijn projecten\C++\Games\EarthDefender\EarthDefender\Debug\vc100.idb
C:\Users\Olaf\Mijn projecten\C++\Games\EarthDefender\EarthDefender\Debug\vc110.idb
C:\Users\Olaf\Mijn projecten\C++\Games\EarthDefender\EarthDefender\Debug\vc100.pdb
C:\Users\Olaf\Mijn projecten\C++\Games\EarthDefender\EarthDefender\Debug\vc110.pdb
C:\Users\Olaf\Mijn projecten\C++\Games\EarthDefender\Debug\EarthDefender.pdb
C:\Users\Olaf\Mijn projecten\C++\Games\EarthDefender\Debug\EarthDefender.exe
C:\Users\Olaf\Mijn projecten\C++\Games\EarthDefender\Debug\EarthDefender.ilk
