Build started 2-9-2012 21:22:06.
     1>Project "C:\Users\Olaf\Mijn projecten\C++\Games\EarthDefender\EarthDefender\EarthDefender.vcxproj" on node 2 (build target(s)).
     1>InitializeBuildStatus:
         Creating "Release\EarthDefender.unsuccessfulbuild" because "AlwaysCreate" was specified.
       ClCompile:
         c:\Program Files (x86)\Microsoft Visual Studio 10.0\VC\bin\CL.exe /c /Zi /nologo /W3 /WX- /O2 /Oi /Oy- /GL /D _MBCS /Gm- /EHsc /MD /GS /Gy /fp:precise /Zc:wchar_t /Zc:forScope /Fo"Release\\" /Fd"Release\vc100.pdb" /Gd /TP /analyze- /errorReport:prompt main.cpp
         main.cpp
       Link:
         c:\Program Files (x86)\Microsoft Visual Studio 10.0\VC\bin\link.exe /ERRORREPORT:PROMPT /OUT:"C:\Users\Olaf\Mijn projecten\C++\Games\EarthDefender\Release\EarthDefender.exe" /NOLOGO "allegro-5.0.7-monolith-md.lib" kernel32.lib user32.lib gdi32.lib winspool.lib comdlg32.lib advapi32.lib shell32.lib ole32.lib oleaut32.lib uuid.lib odbc32.lib odbccp32.lib /MANIFEST /ManifestFile:"Release\EarthDefender.exe.intermediate.manifest" /MANIFESTUAC:"level='asInvoker' uiAccess='false'" /DEBUG /PDB:"C:\Users\Olaf\Mijn projecten\C++\Games\EarthDefender\Release\EarthDefender.pdb" /SUBSYSTEM:WINDOWS /OPT:REF /OPT:ICF /LTCG /TLBID:1 /DYNAMICBASE /NXCOMPAT /IMPLIB:"C:\Users\Olaf\Mijn projecten\C++\Games\EarthDefender\Release\EarthDefender.lib" /MACHINE:X86 Release\main.obj
         Generating code
         Finished generating code
         EarthDefender.vcxproj -> C:\Users\Olaf\Mijn projecten\C++\Games\EarthDefender\Release\EarthDefender.exe
       Manifest:
         C:\Program Files (x86)\Microsoft SDKs\Windows\v7.0A\bin\mt.exe /nologo /verbose /outputresource:"C:\Users\Olaf\Mijn projecten\C++\Games\EarthDefender\Release\EarthDefender.exe;#1" /manifest Release\EarthDefender.exe.intermediate.manifest
       FinalizeBuildStatus:
         Deleting file "Release\EarthDefender.unsuccessfulbuild".
         Touching "Release\EarthDefender.lastbuildstate".
     1>Done Building Project "C:\Users\Olaf\Mijn projecten\C++\Games\EarthDefender\EarthDefender\EarthDefender.vcxproj" (build target(s)).

Build succeeded.

Time Elapsed 00:00:00.71
