system   D            wsystem.c:583  maybe_parent_dir                 [   0.00028] Also searching C:\Users\Olaf\Mijn projecten\C++\Games\EarthDefender\
system   D            wsystem.c:633  _al_win_safe_load_library        [   0.00048] PathFindOnPath found: C:\Windows\system32\d3d9.dll
system   D            wsystem.c:544  load_library_at_path             [   0.00050] Calling LoadLibrary C:\Windows\system32\d3d9.dll
system   I            wsystem.c:547  load_library_at_path             [   0.00505] Loaded C:\Windows\system32\d3d9.dll
d3d      I         d3d_disp.cpp:893  _al_d3d_init_display             [   0.05133] Render-to-texture: 1
system   I             system.c:272  al_install_system                [   0.05139] Allegro version: 5.0.7
d3d      I         d3d_disp.cpp:1921 d3d_create_display_locked        [   0.05233] faux_fullscreen=0
display  D   display_settings.c:191  debug_display_settings           [   0.08181] color: 32 (rgba 8880), depth: 0, stencil: 0, acc: 0000, samples: 0/0
display  D   display_settings.c:506  _al_score_display_settings       [   0.08184] Score is : 897
display  D   display_settings.c:191  debug_display_settings           [   0.08185] color: 32 (rgba 8880), depth: 24, stencil: 8, acc: 0000, samples: 0/0
display  D   display_settings.c:506  _al_score_display_settings       [   0.08187] Score is : 897
display  D   display_settings.c:191  debug_display_settings           [   0.08187] color: 32 (rgba 8880), depth: 24, stencil: 0, acc: 0000, samples: 0/0
display  D   display_settings.c:506  _al_score_display_settings       [   0.08189] Score is : 897
display  D   display_settings.c:191  debug_display_settings           [   0.08190] color: 32 (rgba 8880), depth: 24, stencil: 4, acc: 0000, samples: 0/0
display  D   display_settings.c:506  _al_score_display_settings       [   0.08191] Score is : 897
display  D   display_settings.c:191  debug_display_settings           [   0.08192] color: 32 (rgba 8880), depth: 0, stencil: 0, acc: 0000, samples: 0/1
display  D   display_settings.c:506  _al_score_display_settings       [   0.08193] Score is : 769
display  D   display_settings.c:191  debug_display_settings           [   0.08194] color: 32 (rgba 8880), depth: 0, stencil: 0, acc: 0000, samples: 1/1
display  D   display_settings.c:506  _al_score_display_settings       [   0.08195] Score is : 737
display  D   display_settings.c:191  debug_display_settings           [   0.08196] color: 32 (rgba 8880), depth: 24, stencil: 8, acc: 0000, samples: 0/1
display  D   display_settings.c:506  _al_score_display_settings       [   0.08197] Score is : 769
display  D   display_settings.c:191  debug_display_settings           [   0.08198] color: 32 (rgba 8880), depth: 24, stencil: 8, acc: 0000, samples: 1/1
display  D   display_settings.c:506  _al_score_display_settings       [   0.08199] Score is : 737
display  D   display_settings.c:191  debug_display_settings           [   0.08200] color: 32 (rgba 8880), depth: 24, stencil: 0, acc: 0000, samples: 0/1
display  D   display_settings.c:506  _al_score_display_settings       [   0.08201] Score is : 769
display  D   display_settings.c:191  debug_display_settings           [   0.08202] color: 32 (rgba 8880), depth: 24, stencil: 0, acc: 0000, samples: 1/1
display  D   display_settings.c:506  _al_score_display_settings       [   0.08203] Score is : 737
display  D   display_settings.c:191  debug_display_settings           [   0.08204] color: 32 (rgba 8880), depth: 24, stencil: 4, acc: 0000, samples: 0/1
display  D   display_settings.c:506  _al_score_display_settings       [   0.08205] Score is : 769
display  D   display_settings.c:191  debug_display_settings           [   0.08206] color: 32 (rgba 8880), depth: 24, stencil: 4, acc: 0000, samples: 1/1
display  D   display_settings.c:506  _al_score_display_settings       [   0.08207] Score is : 737
display  D   display_settings.c:191  debug_display_settings           [   0.08208] color: 32 (rgba 8880), depth: 0, stencil: 0, acc: 0000, samples: 0/0
display  D   display_settings.c:377  _al_score_display_settings       [   0.08209] Single Buffer requirement not met.
display  D   display_settings.c:191  debug_display_settings           [   0.08213] color: 32 (rgba 8880), depth: 24, stencil: 8, acc: 0000, samples: 0/0
display  D   display_settings.c:377  _al_score_display_settings       [   0.08215] Single Buffer requirement not met.
display  D   display_settings.c:191  debug_display_settings           [   0.08216] color: 32 (rgba 8880), depth: 24, stencil: 0, acc: 0000, samples: 0/0
display  D   display_settings.c:377  _al_score_display_settings       [   0.08217] Single Buffer requirement not met.
display  D   display_settings.c:191  debug_display_settings           [   0.08218] color: 32 (rgba 8880), depth: 24, stencil: 4, acc: 0000, samples: 0/0
display  D   display_settings.c:377  _al_score_display_settings       [   0.08219] Single Buffer requirement not met.
display  D   display_settings.c:191  debug_display_settings           [   0.08220] color: 32 (rgba 8880), depth: 0, stencil: 0, acc: 0000, samples: 0/1
display  D   display_settings.c:377  _al_score_display_settings       [   0.08221] Single Buffer requirement not met.
display  D   display_settings.c:191  debug_display_settings           [   0.08222] color: 32 (rgba 8880), depth: 0, stencil: 0, acc: 0000, samples: 1/1
display  D   display_settings.c:377  _al_score_display_settings       [   0.08223] Single Buffer requirement not met.
display  D   display_settings.c:191  debug_display_settings           [   0.08224] color: 32 (rgba 8880), depth: 24, stencil: 8, acc: 0000, samples: 0/1
display  D   display_settings.c:377  _al_score_display_settings       [   0.08225] Single Buffer requirement not met.
display  D   display_settings.c:191  debug_display_settings           [   0.08226] color: 32 (rgba 8880), depth: 24, stencil: 8, acc: 0000, samples: 1/1
display  D   display_settings.c:377  _al_score_display_settings       [   0.08227] Single Buffer requirement not met.
display  D   display_settings.c:191  debug_display_settings           [   0.08228] color: 32 (rgba 8880), depth: 24, stencil: 0, acc: 0000, samples: 0/1
display  D   display_settings.c:377  _al_score_display_settings       [   0.08229] Single Buffer requirement not met.
display  D   display_settings.c:191  debug_display_settings           [   0.08230] color: 32 (rgba 8880), depth: 24, stencil: 0, acc: 0000, samples: 1/1
display  D   display_settings.c:377  _al_score_display_settings       [   0.08231] Single Buffer requirement not met.
display  D   display_settings.c:191  debug_display_settings           [   0.08232] color: 32 (rgba 8880), depth: 24, stencil: 4, acc: 0000, samples: 0/1
display  D   display_settings.c:377  _al_score_display_settings       [   0.08233] Single Buffer requirement not met.
display  D   display_settings.c:191  debug_display_settings           [   0.08234] color: 32 (rgba 8880), depth: 24, stencil: 4, acc: 0000, samples: 1/1
display  D   display_settings.c:377  _al_score_display_settings       [   0.08235] Single Buffer requirement not met.
display  D   display_settings.c:191  debug_display_settings           [   0.08236] color: 32 (rgba 8880), depth: 0, stencil: 0, acc: 0000, samples: 0/0
display  D   display_settings.c:506  _al_score_display_settings       [   0.08238] Score is : 769
display  D   display_settings.c:191  debug_display_settings           [   0.08238] color: 32 (rgba 8880), depth: 32, stencil: 0, acc: 0000, samples: 0/0
display  D   display_settings.c:506  _al_score_display_settings       [   0.08239] Score is : 769
display  D   display_settings.c:191  debug_display_settings           [   0.08240] color: 32 (rgba 8880), depth: 24, stencil: 8, acc: 0000, samples: 0/0
display  D   display_settings.c:506  _al_score_display_settings       [   0.08242] Score is : 769
display  D   display_settings.c:191  debug_display_settings           [   0.08242] color: 32 (rgba 8880), depth: 24, stencil: 0, acc: 0000, samples: 0/0
display  D   display_settings.c:506  _al_score_display_settings       [   0.08244] Score is : 769
display  D   display_settings.c:191  debug_display_settings           [   0.08244] color: 32 (rgba 8880), depth: 24, stencil: 4, acc: 0000, samples: 0/0
display  D   display_settings.c:506  _al_score_display_settings       [   0.08246] Score is : 769
display  D   display_settings.c:191  debug_display_settings           [   0.08247] color: 32 (rgba 8880), depth: 0, stencil: 0, acc: 0000, samples: 0/1
display  D   display_settings.c:506  _al_score_display_settings       [   0.08248] Score is : 641
display  D   display_settings.c:191  debug_display_settings           [   0.08249] color: 32 (rgba 8880), depth: 0, stencil: 0, acc: 0000, samples: 1/1
display  D   display_settings.c:506  _al_score_display_settings       [   0.08250] Score is : 609
display  D   display_settings.c:191  debug_display_settings           [   0.08251] color: 32 (rgba 8880), depth: 32, stencil: 0, acc: 0000, samples: 0/1
display  D   display_settings.c:506  _al_score_display_settings       [   0.08252] Score is : 641
display  D   display_settings.c:191  debug_display_settings           [   0.08252] color: 32 (rgba 8880), depth: 32, stencil: 0, acc: 0000, samples: 1/1
display  D   display_settings.c:506  _al_score_display_settings       [   0.08254] Score is : 609
display  D   display_settings.c:191  debug_display_settings           [   0.08254] color: 32 (rgba 8880), depth: 24, stencil: 8, acc: 0000, samples: 0/1
display  D   display_settings.c:506  _al_score_display_settings       [   0.08256] Score is : 641
display  D   display_settings.c:191  debug_display_settings           [   0.08256] color: 32 (rgba 8880), depth: 24, stencil: 8, acc: 0000, samples: 1/1
display  D   display_settings.c:506  _al_score_display_settings       [   0.08258] Score is : 609
display  D   display_settings.c:191  debug_display_settings           [   0.08258] color: 32 (rgba 8880), depth: 24, stencil: 0, acc: 0000, samples: 0/1
display  D   display_settings.c:506  _al_score_display_settings       [   0.08260] Score is : 641
display  D   display_settings.c:191  debug_display_settings           [   0.08260] color: 32 (rgba 8880), depth: 24, stencil: 0, acc: 0000, samples: 1/1
display  D   display_settings.c:506  _al_score_display_settings       [   0.08262] Score is : 609
display  D   display_settings.c:191  debug_display_settings           [   0.08262] color: 32 (rgba 8880), depth: 24, stencil: 4, acc: 0000, samples: 0/1
display  D   display_settings.c:506  _al_score_display_settings       [   0.08264] Score is : 641
display  D   display_settings.c:191  debug_display_settings           [   0.08264] color: 32 (rgba 8880), depth: 24, stencil: 4, acc: 0000, samples: 1/1
display  D   display_settings.c:506  _al_score_display_settings       [   0.08266] Score is : 609
display  D   display_settings.c:191  debug_display_settings           [   0.08266] color: 32 (rgba 8880), depth: 0, stencil: 0, acc: 0000, samples: 0/0
display  D   display_settings.c:377  _al_score_display_settings       [   0.08268] Single Buffer requirement not met.
display  D   display_settings.c:191  debug_display_settings           [   0.08268] color: 32 (rgba 8880), depth: 32, stencil: 0, acc: 0000, samples: 0/0
display  D   display_settings.c:377  _al_score_display_settings       [   0.08270] Single Buffer requirement not met.
display  D   display_settings.c:191  debug_display_settings           [   0.08270] color: 32 (rgba 8880), depth: 24, stencil: 8, acc: 0000, samples: 0/0
display  D   display_settings.c:377  _al_score_display_settings       [   0.08272] Single Buffer requirement not met.
display  D   display_settings.c:191  debug_display_settings           [   0.08273] color: 32 (rgba 8880), depth: 24, stencil: 0, acc: 0000, samples: 0/0
display  D   display_settings.c:377  _al_score_display_settings       [   0.08274] Single Buffer requirement not met.
display  D   display_settings.c:191  debug_display_settings           [   0.08275] color: 32 (rgba 8880), depth: 24, stencil: 4, acc: 0000, samples: 0/0
display  D   display_settings.c:377  _al_score_display_settings       [   0.08276] Single Buffer requirement not met.
display  D   display_settings.c:191  debug_display_settings           [   0.08277] color: 32 (rgba 8880), depth: 0, stencil: 0, acc: 0000, samples: 0/1
display  D   display_settings.c:377  _al_score_display_settings       [   0.08278] Single Buffer requirement not met.
display  D   display_settings.c:191  debug_display_settings           [   0.08279] color: 32 (rgba 8880), depth: 0, stencil: 0, acc: 0000, samples: 1/1
display  D   display_settings.c:377  _al_score_display_settings       [   0.08280] Single Buffer requirement not met.
display  D   display_settings.c:191  debug_display_settings           [   0.08281] color: 32 (rgba 8880), depth: 32, stencil: 0, acc: 0000, samples: 0/1
display  D   display_settings.c:377  _al_score_display_settings       [   0.08282] Single Buffer requirement not met.
display  D   display_settings.c:191  debug_display_settings           [   0.08283] color: 32 (rgba 8880), depth: 32, stencil: 0, acc: 0000, samples: 1/1
display  D   display_settings.c:377  _al_score_display_settings       [   0.08284] Single Buffer requirement not met.
display  D   display_settings.c:191  debug_display_settings           [   0.08285] color: 32 (rgba 8880), depth: 24, stencil: 8, acc: 0000, samples: 0/1
display  D   display_settings.c:377  _al_score_display_settings       [   0.08286] Single Buffer requirement not met.
display  D   display_settings.c:191  debug_display_settings           [   0.08287] color: 32 (rgba 8880), depth: 24, stencil: 8, acc: 0000, samples: 1/1
display  D   display_settings.c:377  _al_score_display_settings       [   0.08288] Single Buffer requirement not met.
display  D   display_settings.c:191  debug_display_settings           [   0.08289] color: 32 (rgba 8880), depth: 24, stencil: 0, acc: 0000, samples: 0/1
display  D   display_settings.c:377  _al_score_display_settings       [   0.08290] Single Buffer requirement not met.
display  D   display_settings.c:191  debug_display_settings           [   0.08291] color: 32 (rgba 8880), depth: 24, stencil: 0, acc: 0000, samples: 1/1
display  D   display_settings.c:377  _al_score_display_settings       [   0.08292] Single Buffer requirement not met.
display  D   display_settings.c:191  debug_display_settings           [   0.08293] color: 32 (rgba 8880), depth: 24, stencil: 4, acc: 0000, samples: 0/1
display  D   display_settings.c:377  _al_score_display_settings       [   0.08294] Single Buffer requirement not met.
display  D   display_settings.c:191  debug_display_settings           [   0.08295] color: 32 (rgba 8880), depth: 24, stencil: 4, acc: 0000, samples: 1/1
display  D   display_settings.c:377  _al_score_display_settings       [   0.08296] Single Buffer requirement not met.
display  D   display_settings.c:191  debug_display_settings           [   0.08297] color: 16 (rgba 5650), depth: 0, stencil: 0, acc: 0000, samples: 0/0
display  D   display_settings.c:506  _al_score_display_settings       [   0.08298] Score is : 897
display  D   display_settings.c:191  debug_display_settings           [   0.08299] color: 16 (rgba 5650), depth: 15, stencil: 1, acc: 0000, samples: 0/0
display  D   display_settings.c:506  _al_score_display_settings       [   0.08300] Score is : 897
display  D   display_settings.c:191  debug_display_settings           [   0.08301] color: 16 (rgba 5650), depth: 16, stencil: 0, acc: 0000, samples: 0/0
display  D   display_settings.c:506  _al_score_display_settings       [   0.08302] Score is : 897
display  D   display_settings.c:191  debug_display_settings           [   0.08303] color: 16 (rgba 5650), depth: 32, stencil: 0, acc: 0000, samples: 0/0
display  D   display_settings.c:506  _al_score_display_settings       [   0.08304] Score is : 897
display  D   display_settings.c:191  debug_display_settings           [   0.08305] color: 16 (rgba 5650), depth: 24, stencil: 8, acc: 0000, samples: 0/0
display  D   display_settings.c:506  _al_score_display_settings       [   0.08306] Score is : 897
display  D   display_settings.c:191  debug_display_settings           [   0.08307] color: 16 (rgba 5650), depth: 24, stencil: 0, acc: 0000, samples: 0/0
display  D   display_settings.c:506  _al_score_display_settings       [   0.08310] Score is : 897
display  D   display_settings.c:191  debug_display_settings           [   0.08311] color: 16 (rgba 5650), depth: 24, stencil: 4, acc: 0000, samples: 0/0
display  D   display_settings.c:506  _al_score_display_settings       [   0.08312] Score is : 897
display  D   display_settings.c:191  debug_display_settings           [   0.08313] color: 16 (rgba 5650), depth: 0, stencil: 0, acc: 0000, samples: 0/1
display  D   display_settings.c:506  _al_score_display_settings       [   0.08314] Score is : 769
display  D   display_settings.c:191  debug_display_settings           [   0.08315] color: 16 (rgba 5650), depth: 0, stencil: 0, acc: 0000, samples: 1/1
display  D   display_settings.c:506  _al_score_display_settings       [   0.08316] Score is : 737
display  D   display_settings.c:191  debug_display_settings           [   0.08317] color: 16 (rgba 5650), depth: 15, stencil: 1, acc: 0000, samples: 0/1
display  D   display_settings.c:506  _al_score_display_settings       [   0.08318] Score is : 769
display  D   display_settings.c:191  debug_display_settings           [   0.08319] color: 16 (rgba 5650), depth: 15, stencil: 1, acc: 0000, samples: 1/1
display  D   display_settings.c:506  _al_score_display_settings       [   0.08320] Score is : 737
display  D   display_settings.c:191  debug_display_settings           [   0.08321] color: 16 (rgba 5650), depth: 16, stencil: 0, acc: 0000, samples: 0/1
display  D   display_settings.c:506  _al_score_display_settings       [   0.08322] Score is : 769
display  D   display_settings.c:191  debug_display_settings           [   0.08323] color: 16 (rgba 5650), depth: 16, stencil: 0, acc: 0000, samples: 1/1
display  D   display_settings.c:506  _al_score_display_settings       [   0.08324] Score is : 737
display  D   display_settings.c:191  debug_display_settings           [   0.08325] color: 16 (rgba 5650), depth: 32, stencil: 0, acc: 0000, samples: 0/1
display  D   display_settings.c:506  _al_score_display_settings       [   0.08326] Score is : 769
display  D   display_settings.c:191  debug_display_settings           [   0.08326] color: 16 (rgba 5650), depth: 32, stencil: 0, acc: 0000, samples: 1/1
display  D   display_settings.c:506  _al_score_display_settings       [   0.08328] Score is : 737
display  D   display_settings.c:191  debug_display_settings           [   0.08328] color: 16 (rgba 5650), depth: 24, stencil: 8, acc: 0000, samples: 0/1
display  D   display_settings.c:506  _al_score_display_settings       [   0.08330] Score is : 769
display  D   display_settings.c:191  debug_display_settings           [   0.08330] color: 16 (rgba 5650), depth: 24, stencil: 8, acc: 0000, samples: 1/1
display  D   display_settings.c:506  _al_score_display_settings       [   0.08332] Score is : 737
display  D   display_settings.c:191  debug_display_settings           [   0.08332] color: 16 (rgba 5650), depth: 24, stencil: 0, acc: 0000, samples: 0/1
display  D   display_settings.c:506  _al_score_display_settings       [   0.08333] Score is : 769
display  D   display_settings.c:191  debug_display_settings           [   0.08334] color: 16 (rgba 5650), depth: 24, stencil: 0, acc: 0000, samples: 1/1
display  D   display_settings.c:506  _al_score_display_settings       [   0.08335] Score is : 737
display  D   display_settings.c:191  debug_display_settings           [   0.08336] color: 16 (rgba 5650), depth: 24, stencil: 4, acc: 0000, samples: 0/1
display  D   display_settings.c:506  _al_score_display_settings       [   0.08337] Score is : 769
display  D   display_settings.c:191  debug_display_settings           [   0.08338] color: 16 (rgba 5650), depth: 24, stencil: 4, acc: 0000, samples: 1/1
display  D   display_settings.c:506  _al_score_display_settings       [   0.08339] Score is : 737
display  D   display_settings.c:191  debug_display_settings           [   0.08340] color: 16 (rgba 5650), depth: 0, stencil: 0, acc: 0000, samples: 0/0
display  D   display_settings.c:377  _al_score_display_settings       [   0.08341] Single Buffer requirement not met.
display  D   display_settings.c:191  debug_display_settings           [   0.08342] color: 16 (rgba 5650), depth: 15, stencil: 1, acc: 0000, samples: 0/0
display  D   display_settings.c:377  _al_score_display_settings       [   0.08344] Single Buffer requirement not met.
display  D   display_settings.c:191  debug_display_settings           [   0.08344] color: 16 (rgba 5650), depth: 16, stencil: 0, acc: 0000, samples: 0/0
display  D   display_settings.c:377  _al_score_display_settings       [   0.08346] Single Buffer requirement not met.
display  D   display_settings.c:191  debug_display_settings           [   0.08347] color: 16 (rgba 5650), depth: 32, stencil: 0, acc: 0000, samples: 0/0
display  D   display_settings.c:377  _al_score_display_settings       [   0.08348] Single Buffer requirement not met.
display  D   display_settings.c:191  debug_display_settings           [   0.08349] color: 16 (rgba 5650), depth: 24, stencil: 8, acc: 0000, samples: 0/0
display  D   display_settings.c:377  _al_score_display_settings       [   0.08350] Single Buffer requirement not met.
display  D   display_settings.c:191  debug_display_settings           [   0.08351] color: 16 (rgba 5650), depth: 24, stencil: 0, acc: 0000, samples: 0/0
display  D   display_settings.c:377  _al_score_display_settings       [   0.08352] Single Buffer requirement not met.
display  D   display_settings.c:191  debug_display_settings           [   0.08353] color: 16 (rgba 5650), depth: 24, stencil: 4, acc: 0000, samples: 0/0
display  D   display_settings.c:377  _al_score_display_settings       [   0.08354] Single Buffer requirement not met.
display  D   display_settings.c:191  debug_display_settings           [   0.08355] color: 16 (rgba 5650), depth: 0, stencil: 0, acc: 0000, samples: 0/1
display  D   display_settings.c:377  _al_score_display_settings       [   0.08356] Single Buffer requirement not met.
display  D   display_settings.c:191  debug_display_settings           [   0.08357] color: 16 (rgba 5650), depth: 0, stencil: 0, acc: 0000, samples: 1/1
display  D   display_settings.c:377  _al_score_display_settings       [   0.08358] Single Buffer requirement not met.
display  D   display_settings.c:191  debug_display_settings           [   0.08359] color: 16 (rgba 5650), depth: 15, stencil: 1, acc: 0000, samples: 0/1
display  D   display_settings.c:377  _al_score_display_settings       [   0.08360] Single Buffer requirement not met.
display  D   display_settings.c:191  debug_display_settings           [   0.08361] color: 16 (rgba 5650), depth: 15, stencil: 1, acc: 0000, samples: 1/1
display  D   display_settings.c:377  _al_score_display_settings       [   0.08362] Single Buffer requirement not met.
display  D   display_settings.c:191  debug_display_settings           [   0.08363] color: 16 (rgba 5650), depth: 16, stencil: 0, acc: 0000, samples: 0/1
display  D   display_settings.c:377  _al_score_display_settings       [   0.08364] Single Buffer requirement not met.
display  D   display_settings.c:191  debug_display_settings           [   0.08365] color: 16 (rgba 5650), depth: 16, stencil: 0, acc: 0000, samples: 1/1
display  D   display_settings.c:377  _al_score_display_settings       [   0.08366] Single Buffer requirement not met.
display  D   display_settings.c:191  debug_display_settings           [   0.08367] color: 16 (rgba 5650), depth: 32, stencil: 0, acc: 0000, samples: 0/1
display  D   display_settings.c:377  _al_score_display_settings       [   0.08368] Single Buffer requirement not met.
display  D   display_settings.c:191  debug_display_settings           [   0.08369] color: 16 (rgba 5650), depth: 32, stencil: 0, acc: 0000, samples: 1/1
display  D   display_settings.c:377  _al_score_display_settings       [   0.08370] Single Buffer requirement not met.
display  D   display_settings.c:191  debug_display_settings           [   0.08371] color: 16 (rgba 5650), depth: 24, stencil: 8, acc: 0000, samples: 0/1
display  D   display_settings.c:377  _al_score_display_settings       [   0.08372] Single Buffer requirement not met.
display  D   display_settings.c:191  debug_display_settings           [   0.08373] color: 16 (rgba 5650), depth: 24, stencil: 8, acc: 0000, samples: 1/1
display  D   display_settings.c:377  _al_score_display_settings       [   0.08374] Single Buffer requirement not met.
display  D   display_settings.c:191  debug_display_settings           [   0.08375] color: 16 (rgba 5650), depth: 24, stencil: 0, acc: 0000, samples: 0/1
display  D   display_settings.c:377  _al_score_display_settings       [   0.08376] Single Buffer requirement not met.
display  D   display_settings.c:191  debug_display_settings           [   0.08377] color: 16 (rgba 5650), depth: 24, stencil: 0, acc: 0000, samples: 1/1
display  D   display_settings.c:377  _al_score_display_settings       [   0.08378] Single Buffer requirement not met.
display  D   display_settings.c:191  debug_display_settings           [   0.08379] color: 16 (rgba 5650), depth: 24, stencil: 4, acc: 0000, samples: 0/1
display  D   display_settings.c:377  _al_score_display_settings       [   0.08380] Single Buffer requirement not met.
display  D   display_settings.c:191  debug_display_settings           [   0.08381] color: 16 (rgba 5650), depth: 24, stencil: 4, acc: 0000, samples: 1/1
display  D   display_settings.c:377  _al_score_display_settings       [   0.08382] Single Buffer requirement not met.
display  D   display_settings.c:191  debug_display_settings           [   0.08383] color: 16 (rgba 5650), depth: 0, stencil: 0, acc: 0000, samples: 0/0
display  D   display_settings.c:506  _al_score_display_settings       [   0.08384] Score is : 769
display  D   display_settings.c:191  debug_display_settings           [   0.08385] color: 16 (rgba 5650), depth: 15, stencil: 1, acc: 0000, samples: 0/0
display  D   display_settings.c:506  _al_score_display_settings       [   0.08386] Score is : 769
display  D   display_settings.c:191  debug_display_settings           [   0.08387] color: 16 (rgba 5650), depth: 16, stencil: 0, acc: 0000, samples: 0/0
display  D   display_settings.c:506  _al_score_display_settings       [   0.08388] Score is : 769
display  D   display_settings.c:191  debug_display_settings           [   0.08389] color: 16 (rgba 5650), depth: 32, stencil: 0, acc: 0000, samples: 0/0
display  D   display_settings.c:506  _al_score_display_settings       [   0.08390] Score is : 769
display  D   display_settings.c:191  debug_display_settings           [   0.08391] color: 16 (rgba 5650), depth: 24, stencil: 8, acc: 0000, samples: 0/0
display  D   display_settings.c:506  _al_score_display_settings       [   0.08392] Score is : 769
display  D   display_settings.c:191  debug_display_settings           [   0.08393] color: 16 (rgba 5650), depth: 24, stencil: 0, acc: 0000, samples: 0/0
display  D   display_settings.c:506  _al_score_display_settings       [   0.08394] Score is : 769
display  D   display_settings.c:191  debug_display_settings           [   0.08395] color: 16 (rgba 5650), depth: 24, stencil: 4, acc: 0000, samples: 0/0
display  D   display_settings.c:506  _al_score_display_settings       [   0.08396] Score is : 769
display  D   display_settings.c:191  debug_display_settings           [   0.08397] color: 16 (rgba 5650), depth: 0, stencil: 0, acc: 0000, samples: 0/1
display  D   display_settings.c:506  _al_score_display_settings       [   0.08398] Score is : 641
display  D   display_settings.c:191  debug_display_settings           [   0.08399] color: 16 (rgba 5650), depth: 0, stencil: 0, acc: 0000, samples: 1/1
display  D   display_settings.c:506  _al_score_display_settings       [   0.08400] Score is : 609
display  D   display_settings.c:191  debug_display_settings           [   0.08401] color: 16 (rgba 5650), depth: 15, stencil: 1, acc: 0000, samples: 0/1
display  D   display_settings.c:506  _al_score_display_settings       [   0.08402] Score is : 641
display  D   display_settings.c:191  debug_display_settings           [   0.08403] color: 16 (rgba 5650), depth: 15, stencil: 1, acc: 0000, samples: 1/1
display  D   display_settings.c:506  _al_score_display_settings       [   0.08404] Score is : 609
display  D   display_settings.c:191  debug_display_settings           [   0.08405] color: 16 (rgba 5650), depth: 16, stencil: 0, acc: 0000, samples: 0/1
display  D   display_settings.c:506  _al_score_display_settings       [   0.08406] Score is : 641
display  D   display_settings.c:191  debug_display_settings           [   0.08407] color: 16 (rgba 5650), depth: 16, stencil: 0, acc: 0000, samples: 1/1
display  D   display_settings.c:506  _al_score_display_settings       [   0.08408] Score is : 609
display  D   display_settings.c:191  debug_display_settings           [   0.08409] color: 16 (rgba 5650), depth: 32, stencil: 0, acc: 0000, samples: 0/1
display  D   display_settings.c:506  _al_score_display_settings       [   0.08410] Score is : 641
display  D   display_settings.c:191  debug_display_settings           [   0.08411] color: 16 (rgba 5650), depth: 32, stencil: 0, acc: 0000, samples: 1/1
display  D   display_settings.c:506  _al_score_display_settings       [   0.08412] Score is : 609
display  D   display_settings.c:191  debug_display_settings           [   0.08413] color: 16 (rgba 5650), depth: 24, stencil: 8, acc: 0000, samples: 0/1
display  D   display_settings.c:506  _al_score_display_settings       [   0.08414] Score is : 641
display  D   display_settings.c:191  debug_display_settings           [   0.08415] color: 16 (rgba 5650), depth: 24, stencil: 8, acc: 0000, samples: 1/1
display  D   display_settings.c:506  _al_score_display_settings       [   0.08416] Score is : 609
display  D   display_settings.c:191  debug_display_settings           [   0.08417] color: 16 (rgba 5650), depth: 24, stencil: 0, acc: 0000, samples: 0/1
display  D   display_settings.c:506  _al_score_display_settings       [   0.08418] Score is : 641
display  D   display_settings.c:191  debug_display_settings           [   0.08419] color: 16 (rgba 5650), depth: 24, stencil: 0, acc: 0000, samples: 1/1
display  D   display_settings.c:506  _al_score_display_settings       [   0.08420] Score is : 609
display  D   display_settings.c:191  debug_display_settings           [   0.08421] color: 16 (rgba 5650), depth: 24, stencil: 4, acc: 0000, samples: 0/1
display  D   display_settings.c:506  _al_score_display_settings       [   0.08422] Score is : 641
display  D   display_settings.c:191  debug_display_settings           [   0.08423] color: 16 (rgba 5650), depth: 24, stencil: 4, acc: 0000, samples: 1/1
display  D   display_settings.c:506  _al_score_display_settings       [   0.08424] Score is : 609
display  D   display_settings.c:191  debug_display_settings           [   0.08425] color: 16 (rgba 5650), depth: 0, stencil: 0, acc: 0000, samples: 0/0
display  D   display_settings.c:377  _al_score_display_settings       [   0.08426] Single Buffer requirement not met.
display  D   display_settings.c:191  debug_display_settings           [   0.08427] color: 16 (rgba 5650), depth: 15, stencil: 1, acc: 0000, samples: 0/0
display  D   display_settings.c:377  _al_score_display_settings       [   0.08428] Single Buffer requirement not met.
display  D   display_settings.c:191  debug_display_settings           [   0.08429] color: 16 (rgba 5650), depth: 16, stencil: 0, acc: 0000, samples: 0/0
display  D   display_settings.c:377  _al_score_display_settings       [   0.08430] Single Buffer requirement not met.
display  D   display_settings.c:191  debug_display_settings           [   0.08431] color: 16 (rgba 5650), depth: 32, stencil: 0, acc: 0000, samples: 0/0
display  D   display_settings.c:377  _al_score_display_settings       [   0.08432] Single Buffer requirement not met.
display  D   display_settings.c:191  debug_display_settings           [   0.08433] color: 16 (rgba 5650), depth: 24, stencil: 8, acc: 0000, samples: 0/0
display  D   display_settings.c:377  _al_score_display_settings       [   0.08434] Single Buffer requirement not met.
display  D   display_settings.c:191  debug_display_settings           [   0.08435] color: 16 (rgba 5650), depth: 24, stencil: 0, acc: 0000, samples: 0/0
display  D   display_settings.c:377  _al_score_display_settings       [   0.08438] Single Buffer requirement not met.
display  D   display_settings.c:191  debug_display_settings           [   0.08439] color: 16 (rgba 5650), depth: 24, stencil: 4, acc: 0000, samples: 0/0
display  D   display_settings.c:377  _al_score_display_settings       [   0.08440] Single Buffer requirement not met.
display  D   display_settings.c:191  debug_display_settings           [   0.08441] color: 16 (rgba 5650), depth: 0, stencil: 0, acc: 0000, samples: 0/1
display  D   display_settings.c:377  _al_score_display_settings       [   0.08442] Single Buffer requirement not met.
display  D   display_settings.c:191  debug_display_settings           [   0.08443] color: 16 (rgba 5650), depth: 0, stencil: 0, acc: 0000, samples: 1/1
display  D   display_settings.c:377  _al_score_display_settings       [   0.08444] Single Buffer requirement not met.
display  D   display_settings.c:191  debug_display_settings           [   0.08445] color: 16 (rgba 5650), depth: 15, stencil: 1, acc: 0000, samples: 0/1
display  D   display_settings.c:377  _al_score_display_settings       [   0.08446] Single Buffer requirement not met.
display  D   display_settings.c:191  debug_display_settings           [   0.08447] color: 16 (rgba 5650), depth: 15, stencil: 1, acc: 0000, samples: 1/1
display  D   display_settings.c:377  _al_score_display_settings       [   0.08448] Single Buffer requirement not met.
display  D   display_settings.c:191  debug_display_settings           [   0.08449] color: 16 (rgba 5650), depth: 16, stencil: 0, acc: 0000, samples: 0/1
display  D   display_settings.c:377  _al_score_display_settings       [   0.08450] Single Buffer requirement not met.
display  D   display_settings.c:191  debug_display_settings           [   0.08451] color: 16 (rgba 5650), depth: 16, stencil: 0, acc: 0000, samples: 1/1
display  D   display_settings.c:377  _al_score_display_settings       [   0.08452] Single Buffer requirement not met.
display  D   display_settings.c:191  debug_display_settings           [   0.08453] color: 16 (rgba 5650), depth: 32, stencil: 0, acc: 0000, samples: 0/1
display  D   display_settings.c:377  _al_score_display_settings       [   0.08454] Single Buffer requirement not met.
display  D   display_settings.c:191  debug_display_settings           [   0.08455] color: 16 (rgba 5650), depth: 32, stencil: 0, acc: 0000, samples: 1/1
display  D   display_settings.c:377  _al_score_display_settings       [   0.08456] Single Buffer requirement not met.
display  D   display_settings.c:191  debug_display_settings           [   0.08457] color: 16 (rgba 5650), depth: 24, stencil: 8, acc: 0000, samples: 0/1
display  D   display_settings.c:377  _al_score_display_settings       [   0.08458] Single Buffer requirement not met.
display  D   display_settings.c:191  debug_display_settings           [   0.08459] color: 16 (rgba 5650), depth: 24, stencil: 8, acc: 0000, samples: 1/1
display  D   display_settings.c:377  _al_score_display_settings       [   0.08460] Single Buffer requirement not met.
display  D   display_settings.c:191  debug_display_settings           [   0.08461] color: 16 (rgba 5650), depth: 24, stencil: 0, acc: 0000, samples: 0/1
display  D   display_settings.c:377  _al_score_display_settings       [   0.08462] Single Buffer requirement not met.
display  D   display_settings.c:191  debug_display_settings           [   0.08463] color: 16 (rgba 5650), depth: 24, stencil: 0, acc: 0000, samples: 1/1
display  D   display_settings.c:377  _al_score_display_settings       [   0.08464] Single Buffer requirement not met.
display  D   display_settings.c:191  debug_display_settings           [   0.08465] color: 16 (rgba 5650), depth: 24, stencil: 4, acc: 0000, samples: 0/1
display  D   display_settings.c:377  _al_score_display_settings       [   0.08466] Single Buffer requirement not met.
display  D   display_settings.c:191  debug_display_settings           [   0.08467] color: 16 (rgba 5650), depth: 24, stencil: 4, acc: 0000, samples: 1/1
display  D   display_settings.c:377  _al_score_display_settings       [   0.08468] Single Buffer requirement not met.
display  D   display_settings.c:191  debug_display_settings           [   0.08469] color: 0 (rgba 0000), depth: 0, stencil: 0, acc: 0000, samples: 0/0
display  D   display_settings.c:217  _al_score_display_settings       [   0.08470] Display not compatible with Allegro.
display  D   display_settings.c:191  debug_display_settings           [   0.08471] color: 0 (rgba 0000), depth: 0, stencil: 0, acc: 0000, samples: 0/0
display  D   display_settings.c:217  _al_score_display_settings       [   0.08473] Display not compatible with Allegro.
d3d      D         d3d_disp.cpp:1838 d3d_create_display_internals     [   0.08476] Trying format 0 of 140.
d3d      I         d3d_disp.cpp:1516 d3d_display_thread_proc          [   0.08529] Chose a display format: 23
d3d      I         d3d_disp.cpp:1585 d3d_display_thread_proc          [   0.08532] Normal window.
d3d      I         d3d_disp.cpp:992  d3d_create_device                [   0.10261] Using no depth stencil buffer
d3d      D         d3d_disp.cpp:1057 d3d_create_device                [   0.23169] BeginScene succeeded in create_device
d3d      D         d3d_disp.cpp:1065 d3d_create_device                [   0.23172] Success
d3d      D         d3d_disp.cpp:1861 d3d_create_display_internals     [   0.23177] Resumed after wait.
d3d      I         d3d_disp.cpp:1886 d3d_create_display_internals     [   0.23181] Format 0 succeeded.
system   D            wsystem.c:583  maybe_parent_dir                 [   0.23441] Also searching C:\Users\Olaf\Mijn projecten\C++\Games\EarthDefender\
system   D            wsystem.c:633  _al_win_safe_load_library        [   0.23460] PathFindOnPath found: C:\Windows\system32\dsound.dll
system   D            wsystem.c:544  load_library_at_path             [   0.23462] Calling LoadLibrary C:\Windows\system32\dsound.dll
system   I            wsystem.c:547  load_library_at_path             [   0.23797] Loaded C:\Windows\system32\dsound.dll
audio-dsound I           dsound.cpp:217  _dsound_open                     [   0.23806] Starting DirectSound...
audio    I              audio.c:286  do_install_audio                 [   0.25745] Using DirectSound driver
dtor     D               dtor.c:184  _al_register_destructor          [   0.25751] added dtor for object 002EFF50, func 580B24EB
dtor     D               dtor.c:184  _al_register_destructor          [   0.25754] added dtor for object 05D74F68, func 580B28DD
dtor     D               dtor.c:184  _al_register_destructor          [   0.25853] added dtor for object 05D75490, func 580B23C4
audio    D          kcm_mixer.c:121  _al_rechannel_matrix             [   0.25856] sample matrix:
audio    D          kcm_mixer.c:127  _al_rechannel_matrix             [   0.25858] 
audio    D          kcm_mixer.c:127  _al_rechannel_matrix             [   0.25859] 
dtor     D               dtor.c:184  _al_register_destructor          [   0.25862] added dtor for object 05D758E0, func 580B23C4
audio    D          kcm_mixer.c:121  _al_rechannel_matrix             [   0.25873] sample matrix:
audio    D          kcm_mixer.c:127  _al_rechannel_matrix             [   0.25875] 
audio    D          kcm_mixer.c:127  _al_rechannel_matrix             [   0.25876] 
dtor     D               dtor.c:184  _al_register_destructor          [   0.25878] added dtor for object 05D752E0, func 580B23C4
audio    D          kcm_mixer.c:121  _al_rechannel_matrix             [   0.25880] sample matrix:
audio    D          kcm_mixer.c:127  _al_rechannel_matrix             [   0.25882] 
audio    D          kcm_mixer.c:127  _al_rechannel_matrix             [   0.25883] 
dtor     D               dtor.c:184  _al_register_destructor          [   0.25885] added dtor for object 05D7BA78, func 580B23C4
audio    D          kcm_mixer.c:121  _al_rechannel_matrix             [   0.25887] sample matrix:
audio    D          kcm_mixer.c:127  _al_rechannel_matrix             [   0.25888] 
audio    D          kcm_mixer.c:127  _al_rechannel_matrix             [   0.25890] 
dtor     D               dtor.c:184  _al_register_destructor          [   0.25893] added dtor for object 05D7BBF0, func 580B23C4
audio    D          kcm_mixer.c:121  _al_rechannel_matrix             [   0.25895] sample matrix:
audio    D          kcm_mixer.c:127  _al_rechannel_matrix             [   0.25897] 
audio    D          kcm_mixer.c:127  _al_rechannel_matrix             [   0.25898] 
dtor     D               dtor.c:184  _al_register_destructor          [   0.25900] added dtor for object 05D7BD08, func 580B23C4
audio    D          kcm_mixer.c:121  _al_rechannel_matrix             [   0.25902] sample matrix:
audio    D          kcm_mixer.c:127  _al_rechannel_matrix             [   0.25903] 
audio    D          kcm_mixer.c:127  _al_rechannel_matrix             [   0.25904] 
dtor     D               dtor.c:184  _al_register_destructor          [   0.25907] added dtor for object 05D7BE20, func 580B23C4
audio    D          kcm_mixer.c:121  _al_rechannel_matrix             [   0.25909] sample matrix:
audio    D          kcm_mixer.c:127  _al_rechannel_matrix             [   0.25910] 
audio    D          kcm_mixer.c:127  _al_rechannel_matrix             [   0.25912] 
dtor     D               dtor.c:184  _al_register_destructor          [   0.25914] added dtor for object 05D7BFF8, func 580B23C4
audio    D          kcm_mixer.c:121  _al_rechannel_matrix             [   0.25916] sample matrix:
audio    D          kcm_mixer.c:127  _al_rechannel_matrix             [   0.25917] 
audio    D          kcm_mixer.c:127  _al_rechannel_matrix             [   0.25918] 
dtor     D               dtor.c:184  _al_register_destructor          [   0.25921] added dtor for object 05D7C210, func 580B23C4
audio    D          kcm_mixer.c:121  _al_rechannel_matrix             [   0.25924] sample matrix:
audio    D          kcm_mixer.c:127  _al_rechannel_matrix             [   0.25925] 
audio    D          kcm_mixer.c:127  _al_rechannel_matrix             [   0.25926] 
dtor     D               dtor.c:184  _al_register_destructor          [   0.25928] added dtor for object 05D7C3A8, func 580B23C4
audio    D          kcm_mixer.c:121  _al_rechannel_matrix             [   0.25930] sample matrix:
audio    D          kcm_mixer.c:127  _al_rechannel_matrix             [   0.25932] 
audio    D          kcm_mixer.c:127  _al_rechannel_matrix             [   0.25933] 
acodec   I                ogg.c:201  _al_load_ogg_vorbis              [   0.25936] Loading sample shot.ogg.
acodec   D                ogg.c:260  _al_load_ogg_vorbis_f            [   0.26090] channels 1
acodec   D                ogg.c:261  _al_load_ogg_vorbis_f            [   0.26093] word_size 2
acodec   D                ogg.c:262  _al_load_ogg_vorbis_f            [   0.26095] rate 44100
acodec   D                ogg.c:263  _al_load_ogg_vorbis_f            [   0.26096] total_samples 13920
acodec   D                ogg.c:264  _al_load_ogg_vorbis_f            [   0.26097] total_size 27840
dtor     D               dtor.c:184  _al_register_destructor          [   0.27415] added dtor for object 05D7C518, func 580B2351
acodec   I                ogg.c:201  _al_load_ogg_vorbis              [   0.27424] Loading sample explosion.ogg.
acodec   D                ogg.c:260  _al_load_ogg_vorbis_f            [   0.27718] channels 1
acodec   D                ogg.c:261  _al_load_ogg_vorbis_f            [   0.27719] word_size 2
acodec   D                ogg.c:262  _al_load_ogg_vorbis_f            [   0.27720] rate 44100
acodec   D                ogg.c:263  _al_load_ogg_vorbis_f            [   0.27721] total_samples 27857
acodec   D                ogg.c:264  _al_load_ogg_vorbis_f            [   0.27722] total_size 55714
dtor     D               dtor.c:184  _al_register_destructor          [   0.29433] added dtor for object 05D9DBC0, func 580B2351
acodec   I                ogg.c:201  _al_load_ogg_vorbis              [   0.29439] Loading sample loser.ogg.
acodec   D                ogg.c:260  _al_load_ogg_vorbis_f            [   0.29614] channels 1
acodec   D                ogg.c:261  _al_load_ogg_vorbis_f            [   0.29616] word_size 2
acodec   D                ogg.c:262  _al_load_ogg_vorbis_f            [   0.29617] rate 44100
acodec   D                ogg.c:263  _al_load_ogg_vorbis_f            [   0.29618] total_samples 69120
acodec   D                ogg.c:264  _al_load_ogg_vorbis_f            [   0.29618] total_size 138240
dtor     D               dtor.c:184  _al_register_destructor          [   0.31930] added dtor for object 05D7C570, func 580B2351
acodec   I                ogg.c:201  _al_load_ogg_vorbis              [   0.31937] Loading sample backgroundSound.ogg.
acodec   D                ogg.c:260  _al_load_ogg_vorbis_f            [   0.32106] channels 2
acodec   D                ogg.c:261  _al_load_ogg_vorbis_f            [   0.32110] word_size 2
acodec   D                ogg.c:262  _al_load_ogg_vorbis_f            [   0.32111] rate 44100
acodec   D                ogg.c:263  _al_load_ogg_vorbis_f            [   0.32112] total_samples 10584000
acodec   D                ogg.c:264  _al_load_ogg_vorbis_f            [   0.32113] total_size 42336000
dtor     D               dtor.c:184  _al_register_destructor          [   1.95146] added dtor for object 05D7C5C8, func 580B2351
dtor     D               dtor.c:184  _al_register_destructor          [   1.95154] added dtor for object 05DE1E98, func 580B23C4
audio    D          kcm_mixer.c:121  _al_rechannel_matrix             [   1.95156] sample matrix:
audio    D          kcm_mixer.c:127  _al_rechannel_matrix             [   1.95157]  0.707107 0.000000
audio    D          kcm_mixer.c:127  _al_rechannel_matrix             [   1.95158]  0.000000 0.707107
dtor     D               dtor.c:184  _al_register_destructor          [   1.95161] added dtor for object 05D7BF38, func 580B2775
dtor     D               dtor.c:184  _al_register_destructor          [   1.95164] added dtor for object 05DE2210, func 580B24AA
d3d      D         d3d_disp.cpp:1356 real_choose_bitmap_format        [   1.95387] Fake format
d3d      D         d3d_disp.cpp:1356 real_choose_bitmap_format        [   1.95391] Fake format
d3d      D         d3d_disp.cpp:1356 real_choose_bitmap_format        [   1.95393] Fake format
d3d      D         d3d_disp.cpp:1356 real_choose_bitmap_format        [   1.95395] Fake format
d3d      D         d3d_disp.cpp:1356 real_choose_bitmap_format        [   1.95397] Fake format
d3d      D         d3d_disp.cpp:1356 real_choose_bitmap_format        [   1.95399] Fake format
d3d      D         d3d_disp.cpp:1356 real_choose_bitmap_format        [   1.95401] Fake format
d3d      D         d3d_disp.cpp:1356 real_choose_bitmap_format        [   1.95403] Fake format
d3d      D         d3d_disp.cpp:1356 real_choose_bitmap_format        [   1.95405] Fake format
d3d      D         d3d_disp.cpp:1364 real_choose_bitmap_format        [   1.95407] Alpha doesn't match
d3d      D         d3d_disp.cpp:1371 real_choose_bitmap_format        [   1.95409] Adapter format is 23
d3d      D         d3d_disp.cpp:1374 real_choose_bitmap_format        [   1.95411] Found a format
d3d      I         d3d_disp.cpp:2448 _al_d3d_create_bitmap            [   1.95414] Chose bitmap format 9
dtor     D               dtor.c:184  _al_register_destructor          [   1.95437] added dtor for object 05DE3430, func 580B256D
d3d      D          d3d_bmp.cpp:457  _al_d3d_sync_bitmap              [   1.95644] _al_d3d_sync_bitmap (system) ref count == 1
d3d      D          d3d_bmp.cpp:462  _al_d3d_sync_bitmap              [   1.95648] _al_d3d_sync_bitmap (video) ref count == 1
d3d      D          d3d_bmp.cpp:457  _al_d3d_sync_bitmap              [   1.95779] _al_d3d_sync_bitmap (system) ref count == 1
d3d      D          d3d_bmp.cpp:462  _al_d3d_sync_bitmap              [   1.95784] _al_d3d_sync_bitmap (video) ref count == 1
d3d      D         d3d_disp.cpp:1356 real_choose_bitmap_format        [   1.96044] Fake format
d3d      D         d3d_disp.cpp:1356 real_choose_bitmap_format        [   1.96047] Fake format
d3d      D         d3d_disp.cpp:1356 real_choose_bitmap_format        [   1.96049] Fake format
d3d      D         d3d_disp.cpp:1356 real_choose_bitmap_format        [   1.96050] Fake format
d3d      D         d3d_disp.cpp:1356 real_choose_bitmap_format        [   1.96051] Fake format
d3d      D         d3d_disp.cpp:1356 real_choose_bitmap_format        [   1.96052] Fake format
d3d      D         d3d_disp.cpp:1356 real_choose_bitmap_format        [   1.96054] Fake format
d3d      D         d3d_disp.cpp:1356 real_choose_bitmap_format        [   1.96055] Fake format
d3d      D         d3d_disp.cpp:1356 real_choose_bitmap_format        [   1.96056] Fake format
d3d      D         d3d_disp.cpp:1364 real_choose_bitmap_format        [   1.96057] Alpha doesn't match
d3d      D         d3d_disp.cpp:1371 real_choose_bitmap_format        [   1.96058] Adapter format is 23
d3d      D         d3d_disp.cpp:1374 real_choose_bitmap_format        [   1.96061] Found a format
d3d      I         d3d_disp.cpp:2448 _al_d3d_create_bitmap            [   1.96062] Chose bitmap format 9
dtor     D               dtor.c:184  _al_register_destructor          [   1.96206] added dtor for object 05DE3620, func 580B256D
d3d      D          d3d_bmp.cpp:457  _al_d3d_sync_bitmap              [   2.00896] _al_d3d_sync_bitmap (system) ref count == 1
d3d      D          d3d_bmp.cpp:462  _al_d3d_sync_bitmap              [   2.00901] _al_d3d_sync_bitmap (video) ref count == 1
d3d      D         d3d_disp.cpp:1356 real_choose_bitmap_format        [   2.03820] Fake format
d3d      D         d3d_disp.cpp:1356 real_choose_bitmap_format        [   2.03823] Fake format
d3d      D         d3d_disp.cpp:1356 real_choose_bitmap_format        [   2.03824] Fake format
d3d      D         d3d_disp.cpp:1356 real_choose_bitmap_format        [   2.03825] Fake format
d3d      D         d3d_disp.cpp:1356 real_choose_bitmap_format        [   2.03826] Fake format
d3d      D         d3d_disp.cpp:1356 real_choose_bitmap_format        [   2.03828] Fake format
d3d      D         d3d_disp.cpp:1356 real_choose_bitmap_format        [   2.03829] Fake format
d3d      D         d3d_disp.cpp:1356 real_choose_bitmap_format        [   2.03830] Fake format
d3d      D         d3d_disp.cpp:1356 real_choose_bitmap_format        [   2.03831] Fake format
d3d      D         d3d_disp.cpp:1364 real_choose_bitmap_format        [   2.03832] Alpha doesn't match
d3d      D         d3d_disp.cpp:1371 real_choose_bitmap_format        [   2.03833] Adapter format is 23
d3d      D         d3d_disp.cpp:1374 real_choose_bitmap_format        [   2.03834] Found a format
d3d      I         d3d_disp.cpp:2448 _al_d3d_create_bitmap            [   2.03837] Chose bitmap format 9
dtor     D               dtor.c:184  _al_register_destructor          [   2.03963] added dtor for object 05DE3778, func 580B256D
d3d      D          d3d_bmp.cpp:457  _al_d3d_sync_bitmap              [   2.07762] _al_d3d_sync_bitmap (system) ref count == 1
d3d      D          d3d_bmp.cpp:462  _al_d3d_sync_bitmap              [   2.07769] _al_d3d_sync_bitmap (video) ref count == 1
d3d      D         d3d_disp.cpp:1356 real_choose_bitmap_format        [   2.10131] Fake format
d3d      D         d3d_disp.cpp:1356 real_choose_bitmap_format        [   2.10134] Fake format
d3d      D         d3d_disp.cpp:1356 real_choose_bitmap_format        [   2.10135] Fake format
d3d      D         d3d_disp.cpp:1356 real_choose_bitmap_format        [   2.10136] Fake format
d3d      D         d3d_disp.cpp:1356 real_choose_bitmap_format        [   2.10137] Fake format
d3d      D         d3d_disp.cpp:1356 real_choose_bitmap_format        [   2.10138] Fake format
d3d      D         d3d_disp.cpp:1356 real_choose_bitmap_format        [   2.10139] Fake format
d3d      D         d3d_disp.cpp:1356 real_choose_bitmap_format        [   2.10141] Fake format
d3d      D         d3d_disp.cpp:1356 real_choose_bitmap_format        [   2.10142] Fake format
d3d      D         d3d_disp.cpp:1364 real_choose_bitmap_format        [   2.10143] Alpha doesn't match
d3d      D         d3d_disp.cpp:1371 real_choose_bitmap_format        [   2.10144] Adapter format is 23
d3d      D         d3d_disp.cpp:1374 real_choose_bitmap_format        [   2.10146] Found a format
d3d      I         d3d_disp.cpp:2448 _al_d3d_create_bitmap            [   2.10147] Chose bitmap format 9
dtor     D               dtor.c:184  _al_register_destructor          [   2.10194] added dtor for object 05DE3908, func 580B256D
d3d      D          d3d_bmp.cpp:457  _al_d3d_sync_bitmap              [   2.11281] _al_d3d_sync_bitmap (system) ref count == 1
d3d      D          d3d_bmp.cpp:462  _al_d3d_sync_bitmap              [   2.11293] _al_d3d_sync_bitmap (video) ref count == 1
d3d      D         d3d_disp.cpp:1356 real_choose_bitmap_format        [   2.12022] Fake format
d3d      D         d3d_disp.cpp:1356 real_choose_bitmap_format        [   2.12025] Fake format
d3d      D         d3d_disp.cpp:1356 real_choose_bitmap_format        [   2.12026] Fake format
d3d      D         d3d_disp.cpp:1356 real_choose_bitmap_format        [   2.12027] Fake format
d3d      D         d3d_disp.cpp:1356 real_choose_bitmap_format        [   2.12028] Fake format
d3d      D         d3d_disp.cpp:1356 real_choose_bitmap_format        [   2.12029] Fake format
d3d      D         d3d_disp.cpp:1356 real_choose_bitmap_format        [   2.12030] Fake format
d3d      D         d3d_disp.cpp:1356 real_choose_bitmap_format        [   2.12031] Fake format
d3d      D         d3d_disp.cpp:1356 real_choose_bitmap_format        [   2.12032] Fake format
d3d      D         d3d_disp.cpp:1364 real_choose_bitmap_format        [   2.12033] Alpha doesn't match
d3d      D         d3d_disp.cpp:1371 real_choose_bitmap_format        [   2.12034] Adapter format is 23
d3d      D         d3d_disp.cpp:1374 real_choose_bitmap_format        [   2.12035] Found a format
d3d      I         d3d_disp.cpp:2448 _al_d3d_create_bitmap            [   2.12037] Chose bitmap format 9
dtor     D               dtor.c:184  _al_register_destructor          [   2.12079] added dtor for object 05DE3A18, func 580B256D
d3d      D          d3d_bmp.cpp:457  _al_d3d_sync_bitmap              [   2.12944] _al_d3d_sync_bitmap (system) ref count == 1
d3d      D          d3d_bmp.cpp:462  _al_d3d_sync_bitmap              [   2.12950] _al_d3d_sync_bitmap (video) ref count == 1
d3d      D         d3d_disp.cpp:1356 real_choose_bitmap_format        [   2.13704] Fake format
d3d      D         d3d_disp.cpp:1356 real_choose_bitmap_format        [   2.13707] Fake format
d3d      D         d3d_disp.cpp:1356 real_choose_bitmap_format        [   2.13708] Fake format
d3d      D         d3d_disp.cpp:1356 real_choose_bitmap_format        [   2.13709] Fake format
d3d      D         d3d_disp.cpp:1356 real_choose_bitmap_format        [   2.13710] Fake format
d3d      D         d3d_disp.cpp:1356 real_choose_bitmap_format        [   2.13711] Fake format
d3d      D         d3d_disp.cpp:1356 real_choose_bitmap_format        [   2.13712] Fake format
d3d      D         d3d_disp.cpp:1356 real_choose_bitmap_format        [   2.13713] Fake format
d3d      D         d3d_disp.cpp:1356 real_choose_bitmap_format        [   2.13714] Fake format
d3d      D         d3d_disp.cpp:1364 real_choose_bitmap_format        [   2.13715] Alpha doesn't match
d3d      D         d3d_disp.cpp:1371 real_choose_bitmap_format        [   2.13716] Adapter format is 23
d3d      D         d3d_disp.cpp:1374 real_choose_bitmap_format        [   2.13718] Found a format
d3d      I         d3d_disp.cpp:2448 _al_d3d_create_bitmap            [   2.13719] Chose bitmap format 9
dtor     D               dtor.c:184  _al_register_destructor          [   2.13782] added dtor for object 05DE3B28, func 580B256D
d3d      D          d3d_bmp.cpp:457  _al_d3d_sync_bitmap              [   2.14763] _al_d3d_sync_bitmap (system) ref count == 1
d3d      D          d3d_bmp.cpp:462  _al_d3d_sync_bitmap              [   2.14770] _al_d3d_sync_bitmap (video) ref count == 1
d3d      D         d3d_disp.cpp:1356 real_choose_bitmap_format        [   2.15838] Fake format
d3d      D         d3d_disp.cpp:1356 real_choose_bitmap_format        [   2.15842] Fake format
d3d      D         d3d_disp.cpp:1356 real_choose_bitmap_format        [   2.15843] Fake format
d3d      D         d3d_disp.cpp:1356 real_choose_bitmap_format        [   2.15844] Fake format
d3d      D         d3d_disp.cpp:1356 real_choose_bitmap_format        [   2.15845] Fake format
d3d      D         d3d_disp.cpp:1356 real_choose_bitmap_format        [   2.15846] Fake format
d3d      D         d3d_disp.cpp:1356 real_choose_bitmap_format        [   2.15847] Fake format
d3d      D         d3d_disp.cpp:1356 real_choose_bitmap_format        [   2.15848] Fake format
d3d      D         d3d_disp.cpp:1356 real_choose_bitmap_format        [   2.15849] Fake format
d3d      D         d3d_disp.cpp:1364 real_choose_bitmap_format        [   2.15850] Alpha doesn't match
d3d      D         d3d_disp.cpp:1371 real_choose_bitmap_format        [   2.15851] Adapter format is 23
d3d      D         d3d_disp.cpp:1374 real_choose_bitmap_format        [   2.15853] Found a format
d3d      I         d3d_disp.cpp:2448 _al_d3d_create_bitmap            [   2.15854] Chose bitmap format 9
dtor     D               dtor.c:184  _al_register_destructor          [   2.15963] added dtor for object 05DE3C38, func 580B256D
d3d      D          d3d_bmp.cpp:457  _al_d3d_sync_bitmap              [   2.18250] _al_d3d_sync_bitmap (system) ref count == 1
d3d      D          d3d_bmp.cpp:462  _al_d3d_sync_bitmap              [   2.18255] _al_d3d_sync_bitmap (video) ref count == 1
d3d      D         d3d_disp.cpp:1356 real_choose_bitmap_format        [   2.20388] Fake format
d3d      D         d3d_disp.cpp:1356 real_choose_bitmap_format        [   2.20392] Fake format
d3d      D         d3d_disp.cpp:1356 real_choose_bitmap_format        [   2.20394] Fake format
d3d      D         d3d_disp.cpp:1356 real_choose_bitmap_format        [   2.20395] Fake format
d3d      D         d3d_disp.cpp:1356 real_choose_bitmap_format        [   2.20396] Fake format
d3d      D         d3d_disp.cpp:1356 real_choose_bitmap_format        [   2.20398] Fake format
d3d      D         d3d_disp.cpp:1356 real_choose_bitmap_format        [   2.20399] Fake format
d3d      D         d3d_disp.cpp:1356 real_choose_bitmap_format        [   2.20400] Fake format
d3d      D         d3d_disp.cpp:1356 real_choose_bitmap_format        [   2.20401] Fake format
d3d      D         d3d_disp.cpp:1364 real_choose_bitmap_format        [   2.20402] Alpha doesn't match
d3d      D         d3d_disp.cpp:1371 real_choose_bitmap_format        [   2.20404] Adapter format is 23
d3d      D         d3d_disp.cpp:1374 real_choose_bitmap_format        [   2.20405] Found a format
d3d      I         d3d_disp.cpp:2448 _al_d3d_create_bitmap            [   2.20406] Chose bitmap format 9
dtor     D               dtor.c:184  _al_register_destructor          [   2.20478] added dtor for object 05DE3E08, func 580B256D
d3d      D          d3d_bmp.cpp:457  _al_d3d_sync_bitmap              [   2.21657] _al_d3d_sync_bitmap (system) ref count == 1
d3d      D          d3d_bmp.cpp:462  _al_d3d_sync_bitmap              [   2.21664] _al_d3d_sync_bitmap (video) ref count == 1
font     D                ttf.c:790  al_load_ttf_font_stretch_f       [   2.22781] Font arial.ttf loaded with pixel size 0 x 18.
font     D                ttf.c:792  al_load_ttf_font_stretch_f       [   2.22784]     ascent=16.0, descent=-4.0, height=21.0
dtor     D               dtor.c:184  _al_register_destructor          [   2.22786] added dtor for object 05DE3330, func 580B1B40
font     D                ttf.c:790  al_load_ttf_font_stretch_f       [   2.22838] Font arial.ttf loaded with pixel size 0 x 13.
font     D                ttf.c:792  al_load_ttf_font_stretch_f       [   2.22841]     ascent=12.0, descent=-3.0, height=15.0
dtor     D               dtor.c:184  _al_register_destructor          [   2.22843] added dtor for object 05DA5AF8, func 580B1B40
d3d      D         d3d_disp.cpp:1356 real_choose_bitmap_format        [   2.26194] Fake format
d3d      D         d3d_disp.cpp:1356 real_choose_bitmap_format        [   2.26197] Fake format
d3d      D         d3d_disp.cpp:1356 real_choose_bitmap_format        [   2.26199] Fake format
d3d      D         d3d_disp.cpp:1356 real_choose_bitmap_format        [   2.26200] Fake format
d3d      D         d3d_disp.cpp:1356 real_choose_bitmap_format        [   2.26201] Fake format
d3d      D         d3d_disp.cpp:1356 real_choose_bitmap_format        [   2.26202] Fake format
d3d      D         d3d_disp.cpp:1356 real_choose_bitmap_format        [   2.26204] Fake format
d3d      D         d3d_disp.cpp:1356 real_choose_bitmap_format        [   2.26205] Fake format
d3d      D         d3d_disp.cpp:1356 real_choose_bitmap_format        [   2.26206] Fake format
d3d      D         d3d_disp.cpp:1364 real_choose_bitmap_format        [   2.26207] Alpha doesn't match
d3d      D         d3d_disp.cpp:1371 real_choose_bitmap_format        [   2.26208] Adapter format is 23
d3d      D         d3d_disp.cpp:1374 real_choose_bitmap_format        [   2.26210] Found a format
d3d      I         d3d_disp.cpp:2448 _al_d3d_create_bitmap            [   2.26211] Chose bitmap format 9
d3d      D          d3d_bmp.cpp:457  _al_d3d_sync_bitmap              [   2.26989] _al_d3d_sync_bitmap (system) ref count == 1
d3d      D          d3d_bmp.cpp:462  _al_d3d_sync_bitmap              [   2.26995] _al_d3d_sync_bitmap (video) ref count == 2
d3d      D          d3d_bmp.cpp:457  _al_d3d_sync_bitmap              [   2.27117] _al_d3d_sync_bitmap (system) ref count == 1
d3d      D          d3d_bmp.cpp:462  _al_d3d_sync_bitmap              [   2.27122] _al_d3d_sync_bitmap (video) ref count == 2
d3d      D          d3d_bmp.cpp:457  _al_d3d_sync_bitmap              [   2.27222] _al_d3d_sync_bitmap (system) ref count == 1
d3d      D          d3d_bmp.cpp:462  _al_d3d_sync_bitmap              [   2.27226] _al_d3d_sync_bitmap (video) ref count == 2
d3d      D          d3d_bmp.cpp:457  _al_d3d_sync_bitmap              [   2.27340] _al_d3d_sync_bitmap (system) ref count == 1
d3d      D          d3d_bmp.cpp:462  _al_d3d_sync_bitmap              [   2.27344] _al_d3d_sync_bitmap (video) ref count == 1
d3d      D          d3d_bmp.cpp:457  _al_d3d_sync_bitmap              [   2.27556] _al_d3d_sync_bitmap (system) ref count == 1
d3d      D          d3d_bmp.cpp:462  _al_d3d_sync_bitmap              [   2.27562] _al_d3d_sync_bitmap (video) ref count == 1
d3d      D          d3d_bmp.cpp:457  _al_d3d_sync_bitmap              [   2.27694] _al_d3d_sync_bitmap (system) ref count == 1
d3d      D          d3d_bmp.cpp:462  _al_d3d_sync_bitmap              [   2.27700] _al_d3d_sync_bitmap (video) ref count == 1
d3d      D          d3d_bmp.cpp:457  _al_d3d_sync_bitmap              [   2.27767] _al_d3d_sync_bitmap (system) ref count == 1
d3d      D          d3d_bmp.cpp:462  _al_d3d_sync_bitmap              [   2.27773] _al_d3d_sync_bitmap (video) ref count == 1
d3d      D          d3d_bmp.cpp:457  _al_d3d_sync_bitmap              [   2.27860] _al_d3d_sync_bitmap (system) ref count == 1
d3d      D          d3d_bmp.cpp:462  _al_d3d_sync_bitmap              [   2.27866] _al_d3d_sync_bitmap (video) ref count == 1
d3d      D          d3d_bmp.cpp:457  _al_d3d_sync_bitmap              [   2.27992] _al_d3d_sync_bitmap (system) ref count == 1
d3d      D          d3d_bmp.cpp:462  _al_d3d_sync_bitmap              [   2.27997] _al_d3d_sync_bitmap (video) ref count == 1
d3d      D          d3d_bmp.cpp:457  _al_d3d_sync_bitmap              [   2.28198] _al_d3d_sync_bitmap (system) ref count == 1
d3d      D          d3d_bmp.cpp:462  _al_d3d_sync_bitmap              [   2.28204] _al_d3d_sync_bitmap (video) ref count == 1
d3d      D          d3d_bmp.cpp:457  _al_d3d_sync_bitmap              [   2.28267] _al_d3d_sync_bitmap (system) ref count == 1
d3d      D          d3d_bmp.cpp:462  _al_d3d_sync_bitmap              [   2.28273] _al_d3d_sync_bitmap (video) ref count == 2
d3d      D         d3d_disp.cpp:1356 real_choose_bitmap_format        [   3.11295] Fake format
d3d      D         d3d_disp.cpp:1356 real_choose_bitmap_format        [   3.11298] Fake format
d3d      D         d3d_disp.cpp:1356 real_choose_bitmap_format        [   3.11300] Fake format
d3d      D         d3d_disp.cpp:1356 real_choose_bitmap_format        [   3.11301] Fake format
d3d      D         d3d_disp.cpp:1356 real_choose_bitmap_format        [   3.11302] Fake format
d3d      D         d3d_disp.cpp:1356 real_choose_bitmap_format        [   3.11303] Fake format
d3d      D         d3d_disp.cpp:1356 real_choose_bitmap_format        [   3.11305] Fake format
d3d      D         d3d_disp.cpp:1356 real_choose_bitmap_format        [   3.11306] Fake format
d3d      D         d3d_disp.cpp:1356 real_choose_bitmap_format        [   3.11307] Fake format
d3d      D         d3d_disp.cpp:1364 real_choose_bitmap_format        [   3.11308] Alpha doesn't match
d3d      D         d3d_disp.cpp:1371 real_choose_bitmap_format        [   3.11310] Adapter format is 23
d3d      D         d3d_disp.cpp:1374 real_choose_bitmap_format        [   3.11311] Found a format
d3d      I         d3d_disp.cpp:2448 _al_d3d_create_bitmap            [   3.11312] Chose bitmap format 9
d3d      D          d3d_bmp.cpp:457  _al_d3d_sync_bitmap              [   3.12111] _al_d3d_sync_bitmap (system) ref count == 1
d3d      D          d3d_bmp.cpp:462  _al_d3d_sync_bitmap              [   3.12116] _al_d3d_sync_bitmap (video) ref count == 2
d3d      D          d3d_bmp.cpp:457  _al_d3d_sync_bitmap              [   3.12219] _al_d3d_sync_bitmap (system) ref count == 1
d3d      D          d3d_bmp.cpp:462  _al_d3d_sync_bitmap              [   3.12222] _al_d3d_sync_bitmap (video) ref count == 2
d3d      D          d3d_bmp.cpp:457  _al_d3d_sync_bitmap              [   3.12323] _al_d3d_sync_bitmap (system) ref count == 1
d3d      D          d3d_bmp.cpp:462  _al_d3d_sync_bitmap              [   3.12328] _al_d3d_sync_bitmap (video) ref count == 2
d3d      D          d3d_bmp.cpp:457  _al_d3d_sync_bitmap              [   3.12427] _al_d3d_sync_bitmap (system) ref count == 1
d3d      D          d3d_bmp.cpp:462  _al_d3d_sync_bitmap              [   3.12432] _al_d3d_sync_bitmap (video) ref count == 2
d3d      D          d3d_bmp.cpp:457  _al_d3d_sync_bitmap              [   3.12526] _al_d3d_sync_bitmap (system) ref count == 1
d3d      D          d3d_bmp.cpp:462  _al_d3d_sync_bitmap              [   3.12530] _al_d3d_sync_bitmap (video) ref count == 2
d3d      D          d3d_bmp.cpp:457  _al_d3d_sync_bitmap              [   3.12623] _al_d3d_sync_bitmap (system) ref count == 1
d3d      D          d3d_bmp.cpp:462  _al_d3d_sync_bitmap              [   3.12628] _al_d3d_sync_bitmap (video) ref count == 2
d3d      D          d3d_bmp.cpp:457  _al_d3d_sync_bitmap              [   3.12721] _al_d3d_sync_bitmap (system) ref count == 1
d3d      D          d3d_bmp.cpp:462  _al_d3d_sync_bitmap              [   3.12725] _al_d3d_sync_bitmap (video) ref count == 2
d3d      D          d3d_bmp.cpp:457  _al_d3d_sync_bitmap              [   3.12829] _al_d3d_sync_bitmap (system) ref count == 1
d3d      D          d3d_bmp.cpp:462  _al_d3d_sync_bitmap              [   3.12831] _al_d3d_sync_bitmap (video) ref count == 2
d3d      D          d3d_bmp.cpp:457  _al_d3d_sync_bitmap              [   3.12929] _al_d3d_sync_bitmap (system) ref count == 1
d3d      D          d3d_bmp.cpp:462  _al_d3d_sync_bitmap              [   3.12933] _al_d3d_sync_bitmap (video) ref count == 2
d3d      D          d3d_bmp.cpp:457  _al_d3d_sync_bitmap              [   3.12991] _al_d3d_sync_bitmap (system) ref count == 1
d3d      D          d3d_bmp.cpp:462  _al_d3d_sync_bitmap              [   3.12995] _al_d3d_sync_bitmap (video) ref count == 2
d3d      D          d3d_bmp.cpp:457  _al_d3d_sync_bitmap              [   3.13047] _al_d3d_sync_bitmap (system) ref count == 1
d3d      D          d3d_bmp.cpp:462  _al_d3d_sync_bitmap              [   3.13052] _al_d3d_sync_bitmap (video) ref count == 2
d3d      D          d3d_bmp.cpp:457  _al_d3d_sync_bitmap              [   3.13103] _al_d3d_sync_bitmap (system) ref count == 1
d3d      D          d3d_bmp.cpp:462  _al_d3d_sync_bitmap              [   3.13108] _al_d3d_sync_bitmap (video) ref count == 2
d3d      D          d3d_bmp.cpp:457  _al_d3d_sync_bitmap              [   3.13156] _al_d3d_sync_bitmap (system) ref count == 1
d3d      D          d3d_bmp.cpp:462  _al_d3d_sync_bitmap              [   3.13161] _al_d3d_sync_bitmap (video) ref count == 2
d3d      D          d3d_bmp.cpp:457  _al_d3d_sync_bitmap              [   3.13201] _al_d3d_sync_bitmap (system) ref count == 1
d3d      D          d3d_bmp.cpp:462  _al_d3d_sync_bitmap              [   3.13206] _al_d3d_sync_bitmap (video) ref count == 2
d3d      D          d3d_bmp.cpp:457  _al_d3d_sync_bitmap              [   3.13257] _al_d3d_sync_bitmap (system) ref count == 1
d3d      D          d3d_bmp.cpp:462  _al_d3d_sync_bitmap              [   3.13262] _al_d3d_sync_bitmap (video) ref count == 2
d3d      D          d3d_bmp.cpp:457  _al_d3d_sync_bitmap              [   3.13311] _al_d3d_sync_bitmap (system) ref count == 1
d3d      D          d3d_bmp.cpp:462  _al_d3d_sync_bitmap              [   3.13316] _al_d3d_sync_bitmap (video) ref count == 2
d3d      D          d3d_bmp.cpp:457  _al_d3d_sync_bitmap              [   3.13364] _al_d3d_sync_bitmap (system) ref count == 1
d3d      D          d3d_bmp.cpp:462  _al_d3d_sync_bitmap              [   3.13368] _al_d3d_sync_bitmap (video) ref count == 2
d3d      D          d3d_bmp.cpp:457  _al_d3d_sync_bitmap              [   3.13419] _al_d3d_sync_bitmap (system) ref count == 1
d3d      D          d3d_bmp.cpp:462  _al_d3d_sync_bitmap              [   3.13422] _al_d3d_sync_bitmap (video) ref count == 2
d3d      D          d3d_bmp.cpp:457  _al_d3d_sync_bitmap              [   3.13476] _al_d3d_sync_bitmap (system) ref count == 1
d3d      D          d3d_bmp.cpp:462  _al_d3d_sync_bitmap              [   3.13478] _al_d3d_sync_bitmap (video) ref count == 2
d3d      D          d3d_bmp.cpp:457  _al_d3d_sync_bitmap              [   3.13529] _al_d3d_sync_bitmap (system) ref count == 1
d3d      D          d3d_bmp.cpp:462  _al_d3d_sync_bitmap              [   3.13533] _al_d3d_sync_bitmap (video) ref count == 2
d3d      D          d3d_bmp.cpp:457  _al_d3d_sync_bitmap              [   3.13619] _al_d3d_sync_bitmap (system) ref count == 1
d3d      D          d3d_bmp.cpp:462  _al_d3d_sync_bitmap              [   3.13622] _al_d3d_sync_bitmap (video) ref count == 2
audio    D          kcm_mixer.c:121  _al_rechannel_matrix             [   5.52195] sample matrix:
audio    D          kcm_mixer.c:127  _al_rechannel_matrix             [   5.52200]  0.500000
audio    D          kcm_mixer.c:127  _al_rechannel_matrix             [   5.52202]  0.500000
audio    D          kcm_mixer.c:121  _al_rechannel_matrix             [   5.79587] sample matrix:
audio    D          kcm_mixer.c:127  _al_rechannel_matrix             [   5.79593]  0.500000
audio    D          kcm_mixer.c:127  _al_rechannel_matrix             [   5.79595]  0.500000
d3d      D          d3d_bmp.cpp:457  _al_d3d_sync_bitmap              [   5.79720] _al_d3d_sync_bitmap (system) ref count == 1
d3d      D          d3d_bmp.cpp:462  _al_d3d_sync_bitmap              [   5.79725] _al_d3d_sync_bitmap (video) ref count == 2
d3d      D          d3d_bmp.cpp:457  _al_d3d_sync_bitmap              [   5.79827] _al_d3d_sync_bitmap (system) ref count == 1
d3d      D          d3d_bmp.cpp:462  _al_d3d_sync_bitmap              [   5.79833] _al_d3d_sync_bitmap (video) ref count == 2
audio    D          kcm_mixer.c:121  _al_rechannel_matrix             [   6.82921] sample matrix:
audio    D          kcm_mixer.c:127  _al_rechannel_matrix             [   6.82926]  0.500000
audio    D          kcm_mixer.c:127  _al_rechannel_matrix             [   6.82927]  0.500000
d3d      D          d3d_bmp.cpp:457  _al_d3d_sync_bitmap              [   6.83961] _al_d3d_sync_bitmap (system) ref count == 1
d3d      D          d3d_bmp.cpp:462  _al_d3d_sync_bitmap              [   6.83966] _al_d3d_sync_bitmap (video) ref count == 2
d3d      D          d3d_bmp.cpp:457  _al_d3d_sync_bitmap              [   6.84314] _al_d3d_sync_bitmap (system) ref count == 1
d3d      D          d3d_bmp.cpp:462  _al_d3d_sync_bitmap              [   6.84320] _al_d3d_sync_bitmap (video) ref count == 2
d3d      D          d3d_bmp.cpp:457  _al_d3d_sync_bitmap              [  12.13033] _al_d3d_sync_bitmap (system) ref count == 1
d3d      D          d3d_bmp.cpp:462  _al_d3d_sync_bitmap              [  12.13037] _al_d3d_sync_bitmap (video) ref count == 2
d3d      D          d3d_bmp.cpp:457  _al_d3d_sync_bitmap              [  12.13130] _al_d3d_sync_bitmap (system) ref count == 1
d3d      D          d3d_bmp.cpp:462  _al_d3d_sync_bitmap              [  12.13133] _al_d3d_sync_bitmap (video) ref count == 2
audio    D          kcm_mixer.c:121  _al_rechannel_matrix             [  12.34589] sample matrix:
audio    D          kcm_mixer.c:127  _al_rechannel_matrix             [  12.34594]  0.500000
audio    D          kcm_mixer.c:127  _al_rechannel_matrix             [  12.34595]  0.500000
d3d      D          d3d_bmp.cpp:457  _al_d3d_sync_bitmap              [  12.34778] _al_d3d_sync_bitmap (system) ref count == 1
d3d      D          d3d_bmp.cpp:462  _al_d3d_sync_bitmap              [  12.34781] _al_d3d_sync_bitmap (video) ref count == 2
d3d      D          d3d_bmp.cpp:457  _al_d3d_sync_bitmap              [  12.34880] _al_d3d_sync_bitmap (system) ref count == 1
d3d      D          d3d_bmp.cpp:462  _al_d3d_sync_bitmap              [  12.34885] _al_d3d_sync_bitmap (video) ref count == 2
d3d      D          d3d_bmp.cpp:457  _al_d3d_sync_bitmap              [  13.04764] _al_d3d_sync_bitmap (system) ref count == 1
d3d      D          d3d_bmp.cpp:462  _al_d3d_sync_bitmap              [  13.04771] _al_d3d_sync_bitmap (video) ref count == 2
d3d      D          d3d_bmp.cpp:457  _al_d3d_sync_bitmap              [  13.04870] _al_d3d_sync_bitmap (system) ref count == 1
d3d      D          d3d_bmp.cpp:462  _al_d3d_sync_bitmap              [  13.04875] _al_d3d_sync_bitmap (video) ref count == 2
d3d      D          d3d_bmp.cpp:457  _al_d3d_sync_bitmap              [  14.59693] _al_d3d_sync_bitmap (system) ref count == 1
d3d      D          d3d_bmp.cpp:462  _al_d3d_sync_bitmap              [  14.59699] _al_d3d_sync_bitmap (video) ref count == 2
d3d      D          d3d_bmp.cpp:457  _al_d3d_sync_bitmap              [  14.59786] _al_d3d_sync_bitmap (system) ref count == 1
d3d      D          d3d_bmp.cpp:462  _al_d3d_sync_bitmap              [  14.59789] _al_d3d_sync_bitmap (video) ref count == 2
d3d      D          d3d_bmp.cpp:457  _al_d3d_sync_bitmap              [  15.03051] _al_d3d_sync_bitmap (system) ref count == 1
d3d      D          d3d_bmp.cpp:462  _al_d3d_sync_bitmap              [  15.03056] _al_d3d_sync_bitmap (video) ref count == 2
d3d      D          d3d_bmp.cpp:457  _al_d3d_sync_bitmap              [  15.03141] _al_d3d_sync_bitmap (system) ref count == 1
d3d      D          d3d_bmp.cpp:462  _al_d3d_sync_bitmap              [  15.03144] _al_d3d_sync_bitmap (video) ref count == 2
d3d      D          d3d_bmp.cpp:457  _al_d3d_sync_bitmap              [  16.04711] _al_d3d_sync_bitmap (system) ref count == 1
d3d      D          d3d_bmp.cpp:462  _al_d3d_sync_bitmap              [  16.04716] _al_d3d_sync_bitmap (video) ref count == 2
d3d      D          d3d_bmp.cpp:457  _al_d3d_sync_bitmap              [  16.04814] _al_d3d_sync_bitmap (system) ref count == 1
d3d      D          d3d_bmp.cpp:462  _al_d3d_sync_bitmap              [  16.04817] _al_d3d_sync_bitmap (video) ref count == 2
audio    D          kcm_mixer.c:121  _al_rechannel_matrix             [  22.59589] sample matrix:
audio    D          kcm_mixer.c:127  _al_rechannel_matrix             [  22.59594]  0.500000
audio    D          kcm_mixer.c:127  _al_rechannel_matrix             [  22.59595]  0.500000
d3d      D          d3d_bmp.cpp:457  _al_d3d_sync_bitmap              [  33.81332] _al_d3d_sync_bitmap (system) ref count == 1
d3d      D          d3d_bmp.cpp:462  _al_d3d_sync_bitmap              [  33.81337] _al_d3d_sync_bitmap (video) ref count == 2
d3d      D          d3d_bmp.cpp:457  _al_d3d_sync_bitmap              [  33.81451] _al_d3d_sync_bitmap (system) ref count == 1
d3d      D          d3d_bmp.cpp:462  _al_d3d_sync_bitmap              [  33.81456] _al_d3d_sync_bitmap (video) ref count == 2
dtor     D               dtor.c:214  _al_unregister_destructor        [  37.12891] removed dtor for object 05DE3B28
dtor     D               dtor.c:214  _al_unregister_destructor        [  37.12945] removed dtor for object 05DE3C38
dtor     D               dtor.c:214  _al_unregister_destructor        [  37.13047] removed dtor for object 05DE3E08
dtor     D               dtor.c:214  _al_unregister_destructor        [  37.13111] removed dtor for object 05DE3908
dtor     D               dtor.c:214  _al_unregister_destructor        [  37.13157] removed dtor for object 05DE3A18
dtor     D               dtor.c:214  _al_unregister_destructor        [  37.13208] removed dtor for object 05DE3620
dtor     D               dtor.c:214  _al_unregister_destructor        [  37.13343] removed dtor for object 05DE3430
d3d      W          d3d_bmp.cpp:725  d3d_destroy_bitmap               [  37.13349] d3d_destroy_bitmap: Release video texture failed.
dtor     D               dtor.c:214  _al_unregister_destructor        [  37.13361] removed dtor for object 05D7C518
dtor     D               dtor.c:214  _al_unregister_destructor        [  37.13363] removed dtor for object 05D9DBC0
dtor     D               dtor.c:214  _al_unregister_destructor        [  37.13371] removed dtor for object 05D7C570
dtor     D               dtor.c:214  _al_unregister_destructor        [  37.13376] removed dtor for object 05D7C5C8
dtor     D               dtor.c:214  _al_unregister_destructor        [  37.14167] removed dtor for object 05DE1E98
dtor     D               dtor.c:214  _al_unregister_destructor        [  37.14174] removed dtor for object 05D7BF38
dtor     D               dtor.c:214  _al_unregister_destructor        [  37.14533] removed dtor for object 05DE2210
dtor     D               dtor.c:214  _al_unregister_destructor        [  37.14539] removed dtor for object 05DE3330
d3d      W          d3d_bmp.cpp:725  d3d_destroy_bitmap               [  37.14559] d3d_destroy_bitmap: Release video texture failed.
d3d      I         d3d_disp.cpp:1110 d3d_destroy_display              [  37.14597] destroying display 002E4060 (current 00000000)
bitmap   D             bitmap.c:874  _al_convert_to_memory_bitmap     [  37.14607] converting display bitmap 05DD7970 to memory bitmap
d3d      D          d3d_bmp.cpp:457  _al_d3d_sync_bitmap              [  37.14685] _al_d3d_sync_bitmap (system) ref count == 1
d3d      D          d3d_bmp.cpp:462  _al_d3d_sync_bitmap              [  37.14688] _al_d3d_sync_bitmap (video) ref count == 2
d3d      W          d3d_bmp.cpp:725  d3d_destroy_bitmap               [  37.14700] d3d_destroy_bitmap: Release video texture failed.
bitmap   D             bitmap.c:874  _al_convert_to_memory_bitmap     [  37.14728] converting display bitmap 05DE3778 to memory bitmap
d3d      D          d3d_bmp.cpp:457  _al_d3d_sync_bitmap              [  37.14981] _al_d3d_sync_bitmap (system) ref count == 1
d3d      D          d3d_bmp.cpp:462  _al_d3d_sync_bitmap              [  37.14988] _al_d3d_sync_bitmap (video) ref count == 1
d3d      D         d3d_disp.cpp:1096 d3d_destroy_display_internals    [  37.15237] waiting for display 002E4060's thread to end
d3d      W         d3d_disp.cpp:812  d3d_destroy_device               [  37.15790] d3d_destroy_device: ref count not 0
d3d      I         d3d_disp.cpp:1707 d3d_display_thread_proc          [  37.19068] d3d display thread exits
dtor     D               dtor.c:114  _al_run_destructors              [  37.19078] calling dtor for object 05DA5AF8, func 580B1B40
dtor     D               dtor.c:214  _al_unregister_destructor        [  37.19082] removed dtor for object 05DA5AF8
dtor     D               dtor.c:114  _al_run_destructors              [  37.19183] calling dtor for object 05DE3778, func 580B256D
dtor     D               dtor.c:214  _al_unregister_destructor        [  37.19188] removed dtor for object 05DE3778
dtor     D               dtor.c:214  _al_unregister_destructor        [  37.19250] removed dtor for object 05D75490
dtor     D               dtor.c:214  _al_unregister_destructor        [  37.19260] removed dtor for object 05D758E0
dtor     D               dtor.c:214  _al_unregister_destructor        [  37.19262] removed dtor for object 05D752E0
dtor     D               dtor.c:214  _al_unregister_destructor        [  37.19270] removed dtor for object 05D7BA78
dtor     D               dtor.c:214  _al_unregister_destructor        [  37.19272] removed dtor for object 05D7BBF0
dtor     D               dtor.c:214  _al_unregister_destructor        [  37.19273] removed dtor for object 05D7BD08
dtor     D               dtor.c:214  _al_unregister_destructor        [  37.19277] removed dtor for object 05D7BE20
dtor     D               dtor.c:214  _al_unregister_destructor        [  37.19279] removed dtor for object 05D7BFF8
dtor     D               dtor.c:214  _al_unregister_destructor        [  37.19281] removed dtor for object 05D7C210
dtor     D               dtor.c:214  _al_unregister_destructor        [  37.19283] removed dtor for object 05D7C3A8
dtor     D               dtor.c:214  _al_unregister_destructor        [  37.19284] removed dtor for object 05D74F68
dtor     D               dtor.c:214  _al_unregister_destructor        [  37.19523] removed dtor for object 002EFF50
